{"C:\\Users\\Victor Rodrigues\\OneDrive\\Documentos\\Programming\\chatbot-republic\\whatsapp-ai-chatbot\\src\\app.ts": {"path":"C:\\Users\\Victor Rodrigues\\OneDrive\\Documentos\\Programming\\chatbot-republic\\whatsapp-ai-chatbot\\src\\app.ts","statementMap":{"0":{"start":{"line":1,"column":0},"end":{"line":1,"column":43}},"1":{"start":{"line":2,"column":0},"end":{"line":2,"column":24}},"2":{"start":{"line":3,"column":0},"end":{"line":3,"column":28}},"3":{"start":{"line":4,"column":0},"end":{"line":4,"column":28}},"4":{"start":{"line":6,"column":0},"end":{"line":6,"column":47}},"5":{"start":{"line":7,"column":0},"end":{"line":7,"column":74}},"6":{"start":{"line":8,"column":0},"end":{"line":8,"column":null}},"7":{"start":{"line":12,"column":0},"end":{"line":12,"column":66}},"8":{"start":{"line":13,"column":0},"end":{"line":13,"column":36}},"9":{"start":{"line":14,"column":0},"end":{"line":14,"column":68}},"10":{"start":{"line":15,"column":0},"end":{"line":15,"column":102}},"11":{"start":{"line":18,"column":21},"end":{"line":18,"column":30}},"12":{"start":{"line":117,"column":9},"end":{"line":117,"column":12}},"13":{"start":{"line":22,"column":0},"end":{"line":22,"column":18}},"14":{"start":{"line":23,"column":0},"end":{"line":23,"column":16}},"15":{"start":{"line":24,"column":0},"end":{"line":24,"column":24}},"16":{"start":{"line":25,"column":0},"end":{"line":25,"column":23}},"17":{"start":{"line":28,"column":0},"end":{"line":28,"column":29}},"18":{"start":{"line":30,"column":0},"end":{"line":30,"column":45}},"19":{"start":{"line":33,"column":0},"end":{"line":33,"column":51}},"20":{"start":{"line":36,"column":0},"end":{"line":36,"column":54}},"21":{"start":{"line":39,"column":0},"end":{"line":39,"column":79}},"22":{"start":{"line":42,"column":0},"end":{"line":42,"column":66}},"23":{"start":{"line":43,"column":0},"end":{"line":43,"column":64}},"24":{"start":{"line":44,"column":0},"end":{"line":44,"column":65}},"25":{"start":{"line":47,"column":0},"end":{"line":47,"column":25}},"26":{"start":{"line":50,"column":0},"end":{"line":50,"column":22}},"27":{"start":{"line":53,"column":20},"end":{"line":107,"column":1}},"28":{"start":{"line":54,"column":2},"end":{"line":54,"column":49}},"29":{"start":{"line":55,"column":2},"end":{"line":55,"column":53}},"30":{"start":{"line":56,"column":2},"end":{"line":56,"column":60}},"31":{"start":{"line":59,"column":2},"end":{"line":59,"column":49}},"32":{"start":{"line":60,"column":2},"end":{"line":60,"column":49}},"33":{"start":{"line":61,"column":2},"end":{"line":61,"column":44}},"34":{"start":{"line":63,"column":15},"end":{"line":63,"column":31}},"35":{"start":{"line":64,"column":2},"end":{"line":68,"column":5}},"36":{"start":{"line":65,"column":4},"end":{"line":67,"column":6}},"37":{"start":{"line":71,"column":2},"end":{"line":77,"column":5}},"38":{"start":{"line":72,"column":4},"end":{"line":72,"column":64}},"39":{"start":{"line":73,"column":4},"end":{"line":76,"column":7}},"40":{"start":{"line":74,"column":6},"end":{"line":74,"column":40}},"41":{"start":{"line":75,"column":6},"end":{"line":75,"column":22}},"42":{"start":{"line":79,"column":2},"end":{"line":85,"column":5}},"43":{"start":{"line":80,"column":4},"end":{"line":80,"column":63}},"44":{"start":{"line":81,"column":4},"end":{"line":84,"column":7}},"45":{"start":{"line":82,"column":6},"end":{"line":82,"column":40}},"46":{"start":{"line":83,"column":6},"end":{"line":83,"column":22}},"47":{"start":{"line":87,"column":2},"end":{"line":101,"column":5}},"48":{"start":{"line":88,"column":4},"end":{"line":88,"column":47}},"49":{"start":{"line":91,"column":4},"end":{"line":94,"column":7}},"50":{"start":{"line":92,"column":6},"end":{"line":92,"column":65}},"51":{"start":{"line":93,"column":6},"end":{"line":93,"column":22}},"52":{"start":{"line":97,"column":4},"end":{"line":100,"column":13}},"53":{"start":{"line":98,"column":6},"end":{"line":98,"column":63}},"54":{"start":{"line":99,"column":6},"end":{"line":99,"column":22}},"55":{"start":{"line":103,"column":2},"end":{"line":106,"column":5}},"56":{"start":{"line":104,"column":4},"end":{"line":104,"column":72}},"57":{"start":{"line":117,"column":14},"end":{"line":117,"column":25}},"58":{"start":{"line":110,"column":0},"end":{"line":115,"column":1}},"59":{"start":{"line":111,"column":2},"end":{"line":114,"column":5}},"60":{"start":{"line":112,"column":4},"end":{"line":112,"column":51}},"61":{"start":{"line":113,"column":4},"end":{"line":113,"column":20}}},"fnMap":{"0":{"name":"(anonymous_1)","decl":{"start":{"line":53,"column":20},"end":{"line":53,"column":25}},"loc":{"start":{"line":53,"column":46},"end":{"line":107,"column":1}}},"1":{"name":"(anonymous_2)","decl":{"start":{"line":64,"column":28},"end":{"line":64,"column":31}},"loc":{"start":{"line":64,"column":33},"end":{"line":68,"column":3}}},"2":{"name":"(anonymous_3)","decl":{"start":{"line":71,"column":24},"end":{"line":71,"column":27}},"loc":{"start":{"line":71,"column":29},"end":{"line":77,"column":3}}},"3":{"name":"(anonymous_4)","decl":{"start":{"line":73,"column":17},"end":{"line":73,"column":20}},"loc":{"start":{"line":73,"column":22},"end":{"line":76,"column":5}}},"4":{"name":"(anonymous_5)","decl":{"start":{"line":79,"column":23},"end":{"line":79,"column":26}},"loc":{"start":{"line":79,"column":28},"end":{"line":85,"column":3}}},"5":{"name":"(anonymous_6)","decl":{"start":{"line":81,"column":17},"end":{"line":81,"column":20}},"loc":{"start":{"line":81,"column":22},"end":{"line":84,"column":5}}},"6":{"name":"(anonymous_7)","decl":{"start":{"line":87,"column":34},"end":{"line":87,"column":35}},"loc":{"start":{"line":87,"column":44},"end":{"line":101,"column":3}}},"7":{"name":"(anonymous_8)","decl":{"start":{"line":91,"column":17},"end":{"line":91,"column":20}},"loc":{"start":{"line":91,"column":22},"end":{"line":94,"column":5}}},"8":{"name":"(anonymous_9)","decl":{"start":{"line":97,"column":15},"end":{"line":97,"column":18}},"loc":{"start":{"line":97,"column":20},"end":{"line":100,"column":5}}},"9":{"name":"(anonymous_10)","decl":{"start":{"line":103,"column":35},"end":{"line":103,"column":36}},"loc":{"start":{"line":103,"column":55},"end":{"line":106,"column":3}}},"10":{"name":"(anonymous_11)","decl":{"start":{"line":111,"column":22},"end":{"line":111,"column":27}},"loc":{"start":{"line":111,"column":30},"end":{"line":114,"column":3}}}},"branchMap":{"0":{"loc":{"start":{"line":110,"column":0},"end":{"line":115,"column":1}},"type":"if","locations":[{"start":{"line":110,"column":0},"end":{"line":115,"column":1}}]}},"s":{"0":0,"1":0,"2":0,"3":0,"4":0,"5":0,"6":0,"7":0,"8":0,"9":0,"10":0,"11":0,"12":0,"13":0,"14":0,"15":0,"16":0,"17":0,"18":0,"19":0,"20":0,"21":0,"22":0,"23":0,"24":0,"25":0,"26":0,"27":0,"28":0,"29":0,"30":0,"31":0,"32":0,"33":0,"34":0,"35":0,"36":0,"37":0,"38":0,"39":0,"40":0,"41":0,"42":0,"43":0,"44":0,"45":0,"46":0,"47":0,"48":0,"49":0,"50":0,"51":0,"52":0,"53":0,"54":0,"55":0,"56":0,"57":0,"58":0,"59":0,"60":0,"61":0},"f":{"0":0,"1":0,"2":0,"3":0,"4":0,"5":0,"6":0,"7":0,"8":0,"9":0,"10":0},"b":{"0":[0]}}
,"C:\\Users\\Victor Rodrigues\\OneDrive\\Documentos\\Programming\\chatbot-republic\\whatsapp-ai-chatbot\\src\\workers.ts": {"path":"C:\\Users\\Victor Rodrigues\\OneDrive\\Documentos\\Programming\\chatbot-republic\\whatsapp-ai-chatbot\\src\\workers.ts","statementMap":{"0":{"start":{"line":2,"column":0},"end":{"line":2,"column":45}},"1":{"start":{"line":3,"column":0},"end":{"line":3,"column":75}},"2":{"start":{"line":4,"column":0},"end":{"line":4,"column":51}},"3":{"start":{"line":5,"column":0},"end":{"line":5,"column":57}},"4":{"start":{"line":6,"column":0},"end":{"line":6,"column":36}},"5":{"start":{"line":8,"column":33},"end":{"line":16,"column":1}},"6":{"start":{"line":9,"column":2},"end":{"line":15,"column":3}},"7":{"start":{"line":10,"column":20},"end":{"line":10,"column":28}},"8":{"start":{"line":11,"column":4},"end":{"line":11,"column":50}},"9":{"start":{"line":13,"column":4},"end":{"line":13,"column":57}},"10":{"start":{"line":14,"column":4},"end":{"line":14,"column":16}},"11":{"start":{"line":8,"column":13},"end":{"line":8,"column":33}},"12":{"start":{"line":18,"column":33},"end":{"line":48,"column":1}},"13":{"start":{"line":19,"column":47},"end":{"line":19,"column":55}},"14":{"start":{"line":21,"column":2},"end":{"line":47,"column":3}},"15":{"start":{"line":22,"column":23},"end":{"line":22,"column":80}},"16":{"start":{"line":23,"column":4},"end":{"line":23,"column":95}},"17":{"start":{"line":25,"column":4},"end":{"line":31,"column":7}},"18":{"start":{"line":34,"column":4},"end":{"line":34,"column":68}},"19":{"start":{"line":36,"column":4},"end":{"line":44,"column":5}},"20":{"start":{"line":37,"column":6},"end":{"line":43,"column":9}},"21":{"start":{"line":46,"column":4},"end":{"line":46,"column":16}},"22":{"start":{"line":18,"column":13},"end":{"line":18,"column":33}},"23":{"start":{"line":50,"column":30},"end":{"line":64,"column":1}},"24":{"start":{"line":51,"column":31},"end":{"line":51,"column":39}},"25":{"start":{"line":53,"column":2},"end":{"line":63,"column":3}},"26":{"start":{"line":54,"column":4},"end":{"line":54,"column":56}},"27":{"start":{"line":56,"column":4},"end":{"line":56,"column":70}},"28":{"start":{"line":58,"column":4},"end":{"line":60,"column":5}},"29":{"start":{"line":59,"column":6},"end":{"line":59,"column":78}},"30":{"start":{"line":62,"column":4},"end":{"line":62,"column":16}},"31":{"start":{"line":50,"column":13},"end":{"line":50,"column":30}}},"fnMap":{"0":{"name":"(anonymous_1)","decl":{"start":{"line":8,"column":33},"end":{"line":8,"column":38}},"loc":{"start":{"line":8,"column":52},"end":{"line":16,"column":1}}},"1":{"name":"(anonymous_2)","decl":{"start":{"line":18,"column":33},"end":{"line":18,"column":38}},"loc":{"start":{"line":18,"column":52},"end":{"line":48,"column":1}}},"2":{"name":"(anonymous_3)","decl":{"start":{"line":50,"column":30},"end":{"line":50,"column":35}},"loc":{"start":{"line":50,"column":49},"end":{"line":64,"column":1}}}},"branchMap":{"0":{"loc":{"start":{"line":36,"column":4},"end":{"line":44,"column":5}},"type":"if","locations":[{"start":{"line":36,"column":4},"end":{"line":44,"column":5}}]},"1":{"loc":{"start":{"line":36,"column":30},"end":{"line":36,"column":53}},"type":"binary-expr","locations":[{"start":{"line":36,"column":30},"end":{"line":36,"column":48}},{"start":{"line":36,"column":52},"end":{"line":36,"column":53}}]},"2":{"loc":{"start":{"line":58,"column":4},"end":{"line":60,"column":5}},"type":"if","locations":[{"start":{"line":58,"column":4},"end":{"line":60,"column":5}}]},"3":{"loc":{"start":{"line":58,"column":30},"end":{"line":58,"column":53}},"type":"binary-expr","locations":[{"start":{"line":58,"column":30},"end":{"line":58,"column":48}},{"start":{"line":58,"column":52},"end":{"line":58,"column":53}}]}},"s":{"0":1,"1":1,"2":1,"3":1,"4":1,"5":1,"6":1,"7":1,"8":1,"9":0,"10":0,"11":1,"12":1,"13":0,"14":0,"15":0,"16":0,"17":0,"18":0,"19":0,"20":0,"21":0,"22":1,"23":1,"24":0,"25":0,"26":0,"27":0,"28":0,"29":0,"30":0,"31":1},"f":{"0":1,"1":0,"2":0},"b":{"0":[0],"1":[0,0],"2":[0],"3":[0,0]}}
,"C:\\Users\\Victor Rodrigues\\OneDrive\\Documentos\\Programming\\chatbot-republic\\whatsapp-ai-chatbot\\src\\controllers\\whatsappController.ts": {"path":"C:\\Users\\Victor Rodrigues\\OneDrive\\Documentos\\Programming\\chatbot-republic\\whatsapp-ai-chatbot\\src\\controllers\\whatsappController.ts","statementMap":{"0":{"start":{"line":3,"column":0},"end":{"line":3,"column":58}},"1":{"start":{"line":4,"column":0},"end":{"line":4,"column":46}},"2":{"start":{"line":5,"column":0},"end":{"line":5,"column":37}},"3":{"start":{"line":6,"column":0},"end":{"line":6,"column":60}},"4":{"start":{"line":7,"column":0},"end":{"line":7,"column":47}},"5":{"start":{"line":8,"column":0},"end":{"line":8,"column":57}},"6":{"start":{"line":14,"column":4},"end":{"line":14,"column":50}},"7":{"start":{"line":19,"column":4},"end":{"line":33,"column":5}},"8":{"start":{"line":20,"column":22},"end":{"line":20,"column":56}},"9":{"start":{"line":23,"column":6},"end":{"line":26,"column":9}},"10":{"start":{"line":29,"column":6},"end":{"line":29,"column":33}},"11":{"start":{"line":31,"column":6},"end":{"line":31,"column":55}},"12":{"start":{"line":32,"column":6},"end":{"line":32,"column":63}},"13":{"start":{"line":38,"column":4},"end":{"line":59,"column":5}},"14":{"start":{"line":39,"column":19},"end":{"line":39,"column":50}},"15":{"start":{"line":40,"column":20},"end":{"line":40,"column":59}},"16":{"start":{"line":41,"column":24},"end":{"line":41,"column":60}},"17":{"start":{"line":43,"column":6},"end":{"line":47,"column":7}},"18":{"start":{"line":44,"column":8},"end":{"line":44,"column":55}},"19":{"start":{"line":45,"column":8},"end":{"line":45,"column":51}},"20":{"start":{"line":46,"column":8},"end":{"line":46,"column":15}},"21":{"start":{"line":49,"column":23},"end":{"line":49,"column":76}},"22":{"start":{"line":51,"column":6},"end":{"line":55,"column":7}},"23":{"start":{"line":52,"column":8},"end":{"line":52,"column":39}},"24":{"start":{"line":54,"column":8},"end":{"line":54,"column":52}},"25":{"start":{"line":57,"column":6},"end":{"line":57,"column":54}},"26":{"start":{"line":58,"column":6},"end":{"line":58,"column":52}},"27":{"start":{"line":64,"column":4},"end":{"line":88,"column":5}},"28":{"start":{"line":66,"column":24},"end":{"line":66,"column":53}},"29":{"start":{"line":69,"column":27},"end":{"line":69,"column":56}},"30":{"start":{"line":71,"column":6},"end":{"line":79,"column":9}},"31":{"start":{"line":81,"column":6},"end":{"line":81,"column":50}},"32":{"start":{"line":83,"column":6},"end":{"line":87,"column":9}},"33":{"start":{"line":93,"column":4},"end":{"line":125,"column":5}},"34":{"start":{"line":94,"column":6},"end":{"line":100,"column":7}},"35":{"start":{"line":95,"column":8},"end":{"line":98,"column":11}},"36":{"start":{"line":99,"column":8},"end":{"line":99,"column":15}},"37":{"start":{"line":102,"column":32},"end":{"line":102,"column":48}},"38":{"start":{"line":104,"column":6},"end":{"line":110,"column":7}},"39":{"start":{"line":105,"column":8},"end":{"line":108,"column":11}},"40":{"start":{"line":109,"column":8},"end":{"line":109,"column":15}},"41":{"start":{"line":112,"column":6},"end":{"line":112,"column":46}},"42":{"start":{"line":114,"column":6},"end":{"line":118,"column":9}},"43":{"start":{"line":120,"column":6},"end":{"line":120,"column":57}},"44":{"start":{"line":121,"column":6},"end":{"line":124,"column":9}},"45":{"start":{"line":130,"column":4},"end":{"line":163,"column":5}},"46":{"start":{"line":132,"column":6},"end":{"line":138,"column":7}},"47":{"start":{"line":133,"column":8},"end":{"line":136,"column":11}},"48":{"start":{"line":137,"column":8},"end":{"line":137,"column":15}},"49":{"start":{"line":140,"column":32},"end":{"line":140,"column":48}},"50":{"start":{"line":142,"column":6},"end":{"line":148,"column":7}},"51":{"start":{"line":143,"column":8},"end":{"line":146,"column":11}},"52":{"start":{"line":147,"column":8},"end":{"line":147,"column":15}},"53":{"start":{"line":150,"column":6},"end":{"line":150,"column":45}},"54":{"start":{"line":152,"column":6},"end":{"line":156,"column":9}},"55":{"start":{"line":158,"column":6},"end":{"line":158,"column":56}},"56":{"start":{"line":159,"column":6},"end":{"line":162,"column":9}},"57":{"start":{"line":168,"column":4},"end":{"line":182,"column":5}},"58":{"start":{"line":169,"column":27},"end":{"line":169,"column":65}},"59":{"start":{"line":171,"column":6},"end":{"line":175,"column":9}},"60":{"start":{"line":177,"column":6},"end":{"line":177,"column":58}},"61":{"start":{"line":178,"column":6},"end":{"line":181,"column":9}},"62":{"start":{"line":186,"column":0},"end":{"line":186,"column":40}}},"fnMap":{"0":{"name":"(anonymous_1)","decl":{"start":{"line":13,"column":9},"end":{"line":13,"column":20}},"loc":{"start":{"line":13,"column":48},"end":{"line":15,"column":3}}},"1":{"name":"(anonymous_2)","decl":{"start":{"line":18,"column":9},"end":{"line":18,"column":14}},"loc":{"start":{"line":18,"column":56},"end":{"line":34,"column":3}}},"2":{"name":"(anonymous_3)","decl":{"start":{"line":37,"column":9},"end":{"line":37,"column":22}},"loc":{"start":{"line":37,"column":50},"end":{"line":60,"column":3}}},"3":{"name":"(anonymous_4)","decl":{"start":{"line":63,"column":9},"end":{"line":63,"column":14}},"loc":{"start":{"line":63,"column":54},"end":{"line":89,"column":3}}},"4":{"name":"(anonymous_5)","decl":{"start":{"line":92,"column":9},"end":{"line":92,"column":14}},"loc":{"start":{"line":92,"column":59},"end":{"line":126,"column":3}}},"5":{"name":"(anonymous_6)","decl":{"start":{"line":129,"column":9},"end":{"line":129,"column":14}},"loc":{"start":{"line":129,"column":58},"end":{"line":164,"column":3}}},"6":{"name":"(anonymous_7)","decl":{"start":{"line":167,"column":9},"end":{"line":167,"column":14}},"loc":{"start":{"line":167,"column":59},"end":{"line":183,"column":3}}}},"branchMap":{"0":{"loc":{"start":{"line":43,"column":6},"end":{"line":47,"column":7}},"type":"if","locations":[{"start":{"line":43,"column":6},"end":{"line":47,"column":7}}]},"1":{"loc":{"start":{"line":43,"column":10},"end":{"line":43,"column":25}},"type":"binary-expr","locations":[{"start":{"line":43,"column":10},"end":{"line":43,"column":15}},{"start":{"line":43,"column":19},"end":{"line":43,"column":25}}]},"2":{"loc":{"start":{"line":51,"column":6},"end":{"line":55,"column":7}},"type":"if","locations":[{"start":{"line":51,"column":6},"end":{"line":55,"column":7}},{"start":{"line":53,"column":13},"end":{"line":55,"column":7}}]},"3":{"loc":{"start":{"line":76,"column":14},"end":{"line":76,"column":49}},"type":"cond-expr","locations":[{"start":{"line":76,"column":26},"end":{"line":76,"column":35}},{"start":{"line":76,"column":38},"end":{"line":76,"column":49}}]},"4":{"loc":{"start":{"line":77,"column":17},"end":{"line":77,"column":55}},"type":"cond-expr","locations":[{"start":{"line":77,"column":32},"end":{"line":77,"column":41}},{"start":{"line":77,"column":44},"end":{"line":77,"column":55}}]},"5":{"loc":{"start":{"line":94,"column":6},"end":{"line":100,"column":7}},"type":"if","locations":[{"start":{"line":94,"column":6},"end":{"line":100,"column":7}}]},"6":{"loc":{"start":{"line":94,"column":10},"end":{"line":94,"column":63}},"type":"binary-expr","locations":[{"start":{"line":94,"column":10},"end":{"line":94,"column":27}},{"start":{"line":94,"column":31},"end":{"line":94,"column":63}}]},"7":{"loc":{"start":{"line":104,"column":6},"end":{"line":110,"column":7}},"type":"if","locations":[{"start":{"line":104,"column":6},"end":{"line":110,"column":7}}]},"8":{"loc":{"start":{"line":132,"column":6},"end":{"line":138,"column":7}},"type":"if","locations":[{"start":{"line":132,"column":6},"end":{"line":138,"column":7}}]},"9":{"loc":{"start":{"line":132,"column":10},"end":{"line":132,"column":63}},"type":"binary-expr","locations":[{"start":{"line":132,"column":10},"end":{"line":132,"column":27}},{"start":{"line":132,"column":31},"end":{"line":132,"column":63}}]},"10":{"loc":{"start":{"line":142,"column":6},"end":{"line":148,"column":7}},"type":"if","locations":[{"start":{"line":142,"column":6},"end":{"line":148,"column":7}}]}},"s":{"0":1,"1":1,"2":1,"3":1,"4":1,"5":1,"6":0,"7":1,"8":1,"9":1,"10":1,"11":0,"12":0,"13":0,"14":0,"15":0,"16":0,"17":0,"18":0,"19":0,"20":0,"21":0,"22":0,"23":0,"24":0,"25":0,"26":0,"27":0,"28":0,"29":0,"30":0,"31":0,"32":0,"33":0,"34":0,"35":0,"36":0,"37":0,"38":0,"39":0,"40":0,"41":0,"42":0,"43":0,"44":0,"45":0,"46":0,"47":0,"48":0,"49":0,"50":0,"51":0,"52":0,"53":0,"54":0,"55":0,"56":0,"57":0,"58":0,"59":0,"60":0,"61":0,"62":1},"f":{"0":0,"1":1,"2":0,"3":0,"4":0,"5":0,"6":0},"b":{"0":[0],"1":[0,0],"2":[0,0],"3":[0,0],"4":[0,0],"5":[0],"6":[0,0],"7":[0],"8":[0],"9":[0,0],"10":[0]}}
,"C:\\Users\\Victor Rodrigues\\OneDrive\\Documentos\\Programming\\chatbot-republic\\whatsapp-ai-chatbot\\src\\middleware\\errorHandler.ts": {"path":"C:\\Users\\Victor Rodrigues\\OneDrive\\Documentos\\Programming\\chatbot-republic\\whatsapp-ai-chatbot\\src\\middleware\\errorHandler.ts","statementMap":{"0":{"start":{"line":3,"column":0},"end":{"line":3,"column":37}},"1":{"start":{"line":6,"column":28},"end":{"line":54,"column":1}},"2":{"start":{"line":13,"column":19},"end":{"line":13,"column":22}},"3":{"start":{"line":14,"column":16},"end":{"line":14,"column":39}},"4":{"start":{"line":15,"column":16},"end":{"line":15,"column":25}},"5":{"start":{"line":18,"column":2},"end":{"line":30,"column":3}},"6":{"start":{"line":19,"column":4},"end":{"line":19,"column":32}},"7":{"start":{"line":20,"column":4},"end":{"line":20,"column":26}},"8":{"start":{"line":21,"column":4},"end":{"line":21,"column":26}},"9":{"start":{"line":22,"column":9},"end":{"line":30,"column":3}},"10":{"start":{"line":24,"column":4},"end":{"line":24,"column":21}},"11":{"start":{"line":25,"column":4},"end":{"line":25,"column":37}},"12":{"start":{"line":26,"column":9},"end":{"line":30,"column":3}},"13":{"start":{"line":28,"column":4},"end":{"line":28,"column":21}},"14":{"start":{"line":29,"column":4},"end":{"line":29,"column":26}},"15":{"start":{"line":33,"column":2},"end":{"line":44,"column":3}},"16":{"start":{"line":34,"column":4},"end":{"line":38,"column":7}},"17":{"start":{"line":40,"column":4},"end":{"line":43,"column":7}},"18":{"start":{"line":47,"column":2},"end":{"line":53,"column":5}},"19":{"start":{"line":6,"column":13},"end":{"line":6,"column":28}},"20":{"start":{"line":57,"column":31},"end":{"line":70,"column":1}},"21":{"start":{"line":62,"column":2},"end":{"line":62,"column":60}},"22":{"start":{"line":64,"column":2},"end":{"line":69,"column":5}},"23":{"start":{"line":57,"column":13},"end":{"line":57,"column":31}}},"fnMap":{"0":{"name":"(anonymous_1)","decl":{"start":{"line":6,"column":28},"end":{"line":6,"column":null}},"loc":{"start":{"line":11,"column":10},"end":{"line":54,"column":1}}},"1":{"name":"(anonymous_2)","decl":{"start":{"line":57,"column":31},"end":{"line":57,"column":null}},"loc":{"start":{"line":61,"column":10},"end":{"line":70,"column":1}}}},"branchMap":{"0":{"loc":{"start":{"line":18,"column":2},"end":{"line":30,"column":3}},"type":"if","locations":[{"start":{"line":18,"column":2},"end":{"line":30,"column":3}},{"start":{"line":22,"column":9},"end":{"line":30,"column":3}}]},"1":{"loc":{"start":{"line":18,"column":6},"end":{"line":18,"column":43}},"type":"binary-expr","locations":[{"start":{"line":18,"column":6},"end":{"line":18,"column":25}},{"start":{"line":18,"column":29},"end":{"line":18,"column":43}}]},"2":{"loc":{"start":{"line":22,"column":9},"end":{"line":30,"column":3}},"type":"if","locations":[{"start":{"line":22,"column":9},"end":{"line":30,"column":3}},{"start":{"line":26,"column":9},"end":{"line":30,"column":3}}]},"3":{"loc":{"start":{"line":26,"column":9},"end":{"line":30,"column":3}},"type":"if","locations":[{"start":{"line":26,"column":9},"end":{"line":30,"column":3}}]},"4":{"loc":{"start":{"line":33,"column":2},"end":{"line":44,"column":3}},"type":"if","locations":[{"start":{"line":33,"column":2},"end":{"line":44,"column":3}},{"start":{"line":39,"column":9},"end":{"line":44,"column":3}}]},"5":{"loc":{"start":{"line":50,"column":15},"end":{"line":50,"column":35}},"type":"binary-expr","locations":[{"start":{"line":50,"column":15},"end":{"line":50,"column":22}},{"start":{"line":50,"column":26},"end":{"line":50,"column":35}}]}},"s":{"0":0,"1":0,"2":0,"3":0,"4":0,"5":0,"6":0,"7":0,"8":0,"9":0,"10":0,"11":0,"12":0,"13":0,"14":0,"15":0,"16":0,"17":0,"18":0,"19":0,"20":0,"21":0,"22":0,"23":0},"f":{"0":0,"1":0},"b":{"0":[0,0],"1":[0,0],"2":[0,0],"3":[0],"4":[0,0],"5":[0,0]}}
,"C:\\Users\\Victor Rodrigues\\OneDrive\\Documentos\\Programming\\chatbot-republic\\whatsapp-ai-chatbot\\src\\middleware\\requestValidator.ts": {"path":"C:\\Users\\Victor Rodrigues\\OneDrive\\Documentos\\Programming\\chatbot-republic\\whatsapp-ai-chatbot\\src\\middleware\\requestValidator.ts","statementMap":{"0":{"start":{"line":3,"column":0},"end":{"line":3,"column":37}},"1":{"start":{"line":6,"column":38},"end":{"line":39,"column":1}},"2":{"start":{"line":11,"column":2},"end":{"line":38,"column":3}},"3":{"start":{"line":12,"column":20},"end":{"line":12,"column":54}},"4":{"start":{"line":15,"column":4},"end":{"line":17,"column":5}},"5":{"start":{"line":16,"column":6},"end":{"line":16,"column":46}},"6":{"start":{"line":19,"column":4},"end":{"line":21,"column":5}},"7":{"start":{"line":20,"column":6},"end":{"line":20,"column":65}},"8":{"start":{"line":23,"column":4},"end":{"line":25,"column":5}},"9":{"start":{"line":24,"column":6},"end":{"line":24,"column":75}},"10":{"start":{"line":28,"column":4},"end":{"line":28,"column":11}},"11":{"start":{"line":30,"column":4},"end":{"line":30,"column":51}},"12":{"start":{"line":31,"column":4},"end":{"line":37,"column":7}},"13":{"start":{"line":6,"column":13},"end":{"line":6,"column":38}},"14":{"start":{"line":42,"column":35},"end":{"line":62,"column":1}},"15":{"start":{"line":47,"column":22},"end":{"line":47,"column":49}},"16":{"start":{"line":49,"column":2},"end":{"line":59,"column":3}},"17":{"start":{"line":50,"column":4},"end":{"line":50,"column":56}},"18":{"start":{"line":52,"column":4},"end":{"line":57,"column":7}},"19":{"start":{"line":58,"column":4},"end":{"line":58,"column":11}},"20":{"start":{"line":61,"column":2},"end":{"line":61,"column":9}},"21":{"start":{"line":42,"column":13},"end":{"line":42,"column":35}}},"fnMap":{"0":{"name":"(anonymous_1)","decl":{"start":{"line":6,"column":38},"end":{"line":6,"column":null}},"loc":{"start":{"line":10,"column":10},"end":{"line":39,"column":1}}},"1":{"name":"(anonymous_2)","decl":{"start":{"line":42,"column":35},"end":{"line":42,"column":null}},"loc":{"start":{"line":46,"column":10},"end":{"line":62,"column":1}}}},"branchMap":{"0":{"loc":{"start":{"line":15,"column":4},"end":{"line":17,"column":5}},"type":"if","locations":[{"start":{"line":15,"column":4},"end":{"line":17,"column":5}}]},"1":{"loc":{"start":{"line":19,"column":4},"end":{"line":21,"column":5}},"type":"if","locations":[{"start":{"line":19,"column":4},"end":{"line":21,"column":5}}]},"2":{"loc":{"start":{"line":23,"column":4},"end":{"line":25,"column":5}},"type":"if","locations":[{"start":{"line":23,"column":4},"end":{"line":25,"column":5}}]},"3":{"loc":{"start":{"line":34,"column":10},"end":{"line":34,"column":76}},"type":"cond-expr","locations":[{"start":{"line":34,"column":35},"end":{"line":34,"column":48}},{"start":{"line":34,"column":51},"end":{"line":34,"column":76}}]},"4":{"loc":{"start":{"line":49,"column":2},"end":{"line":59,"column":3}},"type":"if","locations":[{"start":{"line":49,"column":2},"end":{"line":59,"column":3}}]},"5":{"loc":{"start":{"line":49,"column":6},"end":{"line":49,"column":72}},"type":"binary-expr","locations":[{"start":{"line":49,"column":6},"end":{"line":49,"column":26}},{"start":{"line":49,"column":30},"end":{"line":49,"column":72}}]}},"s":{"0":0,"1":0,"2":0,"3":0,"4":0,"5":0,"6":0,"7":0,"8":0,"9":0,"10":0,"11":0,"12":0,"13":0,"14":0,"15":0,"16":0,"17":0,"18":0,"19":0,"20":0,"21":0},"f":{"0":0,"1":0},"b":{"0":[0],"1":[0],"2":[0],"3":[0,0],"4":[0],"5":[0,0]}}
,"C:\\Users\\Victor Rodrigues\\OneDrive\\Documentos\\Programming\\chatbot-republic\\whatsapp-ai-chatbot\\src\\repositories\\conversationRepository.ts": {"path":"C:\\Users\\Victor Rodrigues\\OneDrive\\Documentos\\Programming\\chatbot-republic\\whatsapp-ai-chatbot\\src\\repositories\\conversationRepository.ts","statementMap":{"0":{"start":{"line":2,"column":0},"end":{"line":2,"column":37}},"1":{"start":{"line":3,"column":0},"end":{"line":3,"column":47}},"2":{"start":{"line":6,"column":19},"end":{"line":6,"column":42}},"3":{"start":{"line":7,"column":19},"end":{"line":7,"column":47}},"4":{"start":{"line":8,"column":19},"end":{"line":8,"column":51}},"5":{"start":{"line":12,"column":4},"end":{"line":47,"column":5}},"6":{"start":{"line":13,"column":18},"end":{"line":13,"column":42}},"7":{"start":{"line":16,"column":6},"end":{"line":19,"column":7}},"8":{"start":{"line":17,"column":8},"end":{"line":17,"column":81}},"9":{"start":{"line":18,"column":8},"end":{"line":18,"column":18}},"10":{"start":{"line":22,"column":27},"end":{"line":22,"column":63}},"11":{"start":{"line":24,"column":6},"end":{"line":26,"column":7}},"12":{"start":{"line":25,"column":8},"end":{"line":25,"column":18}},"13":{"start":{"line":29,"column":6},"end":{"line":43,"column":9}},"14":{"start":{"line":30,"column":8},"end":{"line":42,"column":9}},"15":{"start":{"line":31,"column":25},"end":{"line":31,"column":41}},"16":{"start":{"line":33,"column":10},"end":{"line":38,"column":11}},"17":{"start":{"line":34,"column":12},"end":{"line":34,"column":26}},"18":{"start":{"line":36,"column":12},"end":{"line":36,"column":74}},"19":{"start":{"line":37,"column":12},"end":{"line":37,"column":85}},"20":{"start":{"line":40,"column":10},"end":{"line":40,"column":85}},"21":{"start":{"line":41,"column":10},"end":{"line":41,"column":83}},"22":{"start":{"line":45,"column":6},"end":{"line":45,"column":71}},"23":{"start":{"line":46,"column":6},"end":{"line":46,"column":16}},"24":{"start":{"line":52,"column":4},"end":{"line":70,"column":5}},"25":{"start":{"line":53,"column":18},"end":{"line":53,"column":42}},"26":{"start":{"line":56,"column":6},"end":{"line":56,"column":85}},"27":{"start":{"line":59,"column":6},"end":{"line":59,"column":93}},"28":{"start":{"line":62,"column":6},"end":{"line":62,"column":65}},"29":{"start":{"line":65,"column":6},"end":{"line":65,"column":54}},"30":{"start":{"line":67,"column":6},"end":{"line":67,"column":60}},"31":{"start":{"line":69,"column":6},"end":{"line":69,"column":75}},"32":{"start":{"line":75,"column":4},"end":{"line":81,"column":5}},"33":{"start":{"line":76,"column":18},"end":{"line":76,"column":42}},"34":{"start":{"line":77,"column":6},"end":{"line":77,"column":33}},"35":{"start":{"line":78,"column":6},"end":{"line":78,"column":70}},"36":{"start":{"line":80,"column":6},"end":{"line":80,"column":72}},"37":{"start":{"line":86,"column":4},"end":{"line":86,"column":45}},"38":{"start":{"line":90,"column":0},"end":{"line":90,"column":44}}},"fnMap":{"0":{"name":"(anonymous_1)","decl":{"start":{"line":5,"column":0},"end":{"line":5,"column":6}},"loc":{"start":{"line":5,"column":0},"end":{"line":88,"column":1}}},"1":{"name":"(anonymous_2)","decl":{"start":{"line":11,"column":9},"end":{"line":11,"column":14}},"loc":{"start":{"line":11,"column":40},"end":{"line":48,"column":3}}},"2":{"name":"(anonymous_3)","decl":{"start":{"line":29,"column":30},"end":{"line":29,"column":34}},"loc":{"start":{"line":29,"column":37},"end":{"line":43,"column":7}}},"3":{"name":"(anonymous_4)","decl":{"start":{"line":51,"column":9},"end":{"line":51,"column":14}},"loc":{"start":{"line":51,"column":78},"end":{"line":71,"column":3}}},"4":{"name":"(anonymous_5)","decl":{"start":{"line":74,"column":9},"end":{"line":74,"column":14}},"loc":{"start":{"line":74,"column":42},"end":{"line":82,"column":3}}},"5":{"name":"(anonymous_6)","decl":{"start":{"line":85,"column":10},"end":{"line":85,"column":21}},"loc":{"start":{"line":85,"column":36},"end":{"line":87,"column":3}}}},"branchMap":{"0":{"loc":{"start":{"line":16,"column":6},"end":{"line":19,"column":7}},"type":"if","locations":[{"start":{"line":16,"column":6},"end":{"line":19,"column":7}}]},"1":{"loc":{"start":{"line":24,"column":6},"end":{"line":26,"column":7}},"type":"if","locations":[{"start":{"line":24,"column":6},"end":{"line":26,"column":7}}]},"2":{"loc":{"start":{"line":24,"column":10},"end":{"line":24,"column":52}},"type":"binary-expr","locations":[{"start":{"line":24,"column":10},"end":{"line":24,"column":23}},{"start":{"line":24,"column":27},"end":{"line":24,"column":52}}]},"3":{"loc":{"start":{"line":33,"column":10},"end":{"line":38,"column":11}},"type":"if","locations":[{"start":{"line":33,"column":10},"end":{"line":38,"column":11}},{"start":{"line":35,"column":17},"end":{"line":38,"column":11}}]},"4":{"loc":{"start":{"line":33,"column":14},"end":{"line":33,"column":83}},"type":"binary-expr","locations":[{"start":{"line":33,"column":14},"end":{"line":33,"column":45}},{"start":{"line":33,"column":49},"end":{"line":33,"column":83}}]}},"s":{"0":1,"1":1,"2":1,"3":1,"4":1,"5":0,"6":0,"7":0,"8":0,"9":0,"10":0,"11":0,"12":0,"13":0,"14":0,"15":0,"16":0,"17":0,"18":0,"19":0,"20":0,"21":0,"22":0,"23":0,"24":0,"25":0,"26":0,"27":0,"28":0,"29":0,"30":0,"31":0,"32":0,"33":0,"34":0,"35":0,"36":0,"37":0,"38":1},"f":{"0":1,"1":0,"2":0,"3":0,"4":0,"5":0},"b":{"0":[0],"1":[0],"2":[0,0],"3":[0,0],"4":[0,0]}}
,"C:\\Users\\Victor Rodrigues\\OneDrive\\Documentos\\Programming\\chatbot-republic\\whatsapp-ai-chatbot\\src\\services\\aiService.ts": {"path":"C:\\Users\\Victor Rodrigues\\OneDrive\\Documentos\\Programming\\chatbot-republic\\whatsapp-ai-chatbot\\src\\services\\aiService.ts","statementMap":{"0":{"start":{"line":1,"column":0},"end":{"line":1,"column":45}},"1":{"start":{"line":3,"column":0},"end":{"line":3,"column":48}},"2":{"start":{"line":4,"column":0},"end":{"line":4,"column":37}},"3":{"start":{"line":5,"column":0},"end":{"line":5,"column":37}},"4":{"start":{"line":6,"column":0},"end":{"line":6,"column":69}},"5":{"start":{"line":9,"column":19},"end":{"line":9,"column":66}},"6":{"start":{"line":10,"column":19},"end":{"line":10,"column":78}},"7":{"start":{"line":14,"column":4},"end":{"line":33,"column":6}},"8":{"start":{"line":16,"column":25},"end":{"line":22,"column":null}},"9":{"start":{"line":24,"column":8},"end":{"line":24,"column":24}},"10":{"start":{"line":36,"column":4},"end":{"line":52,"column":7}},"11":{"start":{"line":37,"column":6},"end":{"line":37,"column":97}},"12":{"start":{"line":39,"column":6},"end":{"line":44,"column":7}},"13":{"start":{"line":40,"column":8},"end":{"line":43,"column":10}},"14":{"start":{"line":46,"column":6},"end":{"line":51,"column":8}},"15":{"start":{"line":53,"column":4},"end":{"line":55,"column":6}},"16":{"start":{"line":54,"column":6},"end":{"line":54,"column":70}},"17":{"start":{"line":56,"column":4},"end":{"line":58,"column":6}},"18":{"start":{"line":57,"column":6},"end":{"line":57,"column":64}},"19":{"start":{"line":59,"column":4},"end":{"line":61,"column":6}},"20":{"start":{"line":60,"column":6},"end":{"line":60,"column":72}},"21":{"start":{"line":70,"column":4},"end":{"line":156,"column":5}},"22":{"start":{"line":71,"column":6},"end":{"line":71,"column":68}},"23":{"start":{"line":74,"column":24},"end":{"line":74,"column":75}},"24":{"start":{"line":76,"column":6},"end":{"line":81,"column":7}},"25":{"start":{"line":77,"column":8},"end":{"line":77,"column":91}},"26":{"start":{"line":78,"column":35},"end":{"line":78,"column":83}},"27":{"start":{"line":79,"column":8},"end":{"line":79,"column":34}},"28":{"start":{"line":80,"column":8},"end":{"line":80,"column":23}},"29":{"start":{"line":84,"column":37},"end":{"line":89,"column":8}},"30":{"start":{"line":91,"column":23},"end":{"line":91,"column":66}},"31":{"start":{"line":93,"column":6},"end":{"line":93,"column":74}},"32":{"start":{"line":95,"column":6},"end":{"line":99,"column":7}},"33":{"start":{"line":96,"column":35},"end":{"line":96,"column":86}},"34":{"start":{"line":97,"column":8},"end":{"line":97,"column":46}},"35":{"start":{"line":98,"column":8},"end":{"line":98,"column":23}},"36":{"start":{"line":101,"column":6},"end":{"line":105,"column":7}},"37":{"start":{"line":102,"column":35},"end":{"line":102,"column":78}},"38":{"start":{"line":103,"column":8},"end":{"line":103,"column":34}},"39":{"start":{"line":104,"column":8},"end":{"line":104,"column":23}},"40":{"start":{"line":107,"column":6},"end":{"line":112,"column":7}},"41":{"start":{"line":108,"column":35},"end":{"line":108,"column":87}},"42":{"start":{"line":109,"column":8},"end":{"line":109,"column":34}},"43":{"start":{"line":110,"column":8},"end":{"line":110,"column":71}},"44":{"start":{"line":111,"column":8},"end":{"line":111,"column":23}},"45":{"start":{"line":114,"column":6},"end":{"line":118,"column":7}},"46":{"start":{"line":115,"column":35},"end":{"line":115,"column":85}},"47":{"start":{"line":116,"column":8},"end":{"line":116,"column":34}},"48":{"start":{"line":117,"column":8},"end":{"line":117,"column":23}},"49":{"start":{"line":120,"column":6},"end":{"line":120,"column":27}},"50":{"start":{"line":122,"column":6},"end":{"line":127,"column":7}},"51":{"start":{"line":124,"column":35},"end":{"line":124,"column":59}},"52":{"start":{"line":125,"column":8},"end":{"line":125,"column":34}},"53":{"start":{"line":126,"column":8},"end":{"line":126,"column":23}},"54":{"start":{"line":129,"column":6},"end":{"line":152,"column":7}},"55":{"start":{"line":130,"column":27},"end":{"line":130,"column":56}},"56":{"start":{"line":131,"column":29},"end":{"line":131,"column":75}},"57":{"start":{"line":133,"column":8},"end":{"line":133,"column":74}},"58":{"start":{"line":135,"column":35},"end":{"line":135,"column":81}},"59":{"start":{"line":136,"column":8},"end":{"line":136,"column":41}},"60":{"start":{"line":137,"column":8},"end":{"line":137,"column":48}},"61":{"start":{"line":139,"column":8},"end":{"line":141,"column":9}},"62":{"start":{"line":140,"column":10},"end":{"line":140,"column":81}},"63":{"start":{"line":144,"column":8},"end":{"line":149,"column":11}},"64":{"start":{"line":151,"column":8},"end":{"line":151,"column":23}},"65":{"start":{"line":155,"column":6},"end":{"line":155,"column":18}},"66":{"start":{"line":161,"column":4},"end":{"line":168,"column":5}},"67":{"start":{"line":162,"column":24},"end":{"line":162,"column":78}},"68":{"start":{"line":163,"column":23},"end":{"line":163,"column":69}},"69":{"start":{"line":164,"column":6},"end":{"line":164,"column":37}},"70":{"start":{"line":166,"column":6},"end":{"line":166,"column":61}},"71":{"start":{"line":167,"column":6},"end":{"line":167,"column":19}},"72":{"start":{"line":172,"column":0},"end":{"line":172,"column":31}}},"fnMap":{"0":{"name":"(anonymous_1)","decl":{"start":{"line":13,"column":2},"end":{"line":13,"column":null}},"loc":{"start":{"line":13,"column":2},"end":{"line":62,"column":3}}},"1":{"name":"(anonymous_2)","decl":{"start":{"line":15,"column":6},"end":{"line":15,"column":11}},"loc":{"start":{"line":15,"column":39},"end":{"line":25,"column":7}}},"2":{"name":"(anonymous_3)","decl":{"start":{"line":36,"column":33},"end":{"line":36,"column":34}},"loc":{"start":{"line":36,"column":74},"end":{"line":52,"column":5}}},"3":{"name":"(anonymous_4)","decl":{"start":{"line":53,"column":35},"end":{"line":53,"column":38}},"loc":{"start":{"line":54,"column":6},"end":{"line":54,"column":70}}},"4":{"name":"(anonymous_5)","decl":{"start":{"line":56,"column":39},"end":{"line":56,"column":42}},"loc":{"start":{"line":57,"column":6},"end":{"line":57,"column":64}}},"5":{"name":"(anonymous_6)","decl":{"start":{"line":59,"column":36},"end":{"line":59,"column":39}},"loc":{"start":{"line":60,"column":6},"end":{"line":60,"column":72}}},"6":{"name":"(anonymous_7)","decl":{"start":{"line":65,"column":9},"end":{"line":65,"column":14}},"loc":{"start":{"line":68,"column":34},"end":{"line":157,"column":3}}},"7":{"name":"(anonymous_8)","decl":{"start":{"line":160,"column":9},"end":{"line":160,"column":14}},"loc":{"start":{"line":160,"column":26},"end":{"line":169,"column":3}}}},"branchMap":{"0":{"loc":{"start":{"line":10,"column":43},"end":{"line":10,"column":77}},"type":"binary-expr","locations":[{"start":{"line":10,"column":43},"end":{"line":10,"column":71}},{"start":{"line":10,"column":75},"end":{"line":10,"column":77}}]},"1":{"loc":{"start":{"line":39,"column":6},"end":{"line":44,"column":7}},"type":"if","locations":[{"start":{"line":39,"column":6},"end":{"line":44,"column":7}}]},"2":{"loc":{"start":{"line":76,"column":6},"end":{"line":81,"column":7}},"type":"if","locations":[{"start":{"line":76,"column":6},"end":{"line":81,"column":7}}]},"3":{"loc":{"start":{"line":95,"column":6},"end":{"line":99,"column":7}},"type":"if","locations":[{"start":{"line":95,"column":6},"end":{"line":99,"column":7}}]},"4":{"loc":{"start":{"line":101,"column":6},"end":{"line":105,"column":7}},"type":"if","locations":[{"start":{"line":101,"column":6},"end":{"line":105,"column":7}}]},"5":{"loc":{"start":{"line":107,"column":6},"end":{"line":112,"column":7}},"type":"if","locations":[{"start":{"line":107,"column":6},"end":{"line":112,"column":7}}]},"6":{"loc":{"start":{"line":114,"column":6},"end":{"line":118,"column":7}},"type":"if","locations":[{"start":{"line":114,"column":6},"end":{"line":118,"column":7}}]},"7":{"loc":{"start":{"line":122,"column":6},"end":{"line":127,"column":7}},"type":"if","locations":[{"start":{"line":122,"column":6},"end":{"line":127,"column":7}}]},"8":{"loc":{"start":{"line":122,"column":10},"end":{"line":122,"column":74}},"type":"binary-expr","locations":[{"start":{"line":122,"column":10},"end":{"line":122,"column":32}},{"start":{"line":122,"column":36},"end":{"line":122,"column":74}}]},"9":{"loc":{"start":{"line":129,"column":6},"end":{"line":152,"column":7}},"type":"if","locations":[{"start":{"line":129,"column":6},"end":{"line":152,"column":7}}]},"10":{"loc":{"start":{"line":130,"column":27},"end":{"line":130,"column":56}},"type":"binary-expr","locations":[{"start":{"line":130,"column":27},"end":{"line":130,"column":49}},{"start":{"line":130,"column":53},"end":{"line":130,"column":56}}]},"11":{"loc":{"start":{"line":131,"column":29},"end":{"line":131,"column":75}},"type":"binary-expr","locations":[{"start":{"line":131,"column":29},"end":{"line":131,"column":58}},{"start":{"line":131,"column":62},"end":{"line":131,"column":75}}]},"12":{"loc":{"start":{"line":139,"column":8},"end":{"line":141,"column":9}},"type":"if","locations":[{"start":{"line":139,"column":8},"end":{"line":141,"column":9}}]},"13":{"loc":{"start":{"line":148,"column":18},"end":{"line":148,"column":46}},"type":"binary-expr","locations":[{"start":{"line":148,"column":18},"end":{"line":148,"column":29}},{"start":{"line":148,"column":33},"end":{"line":148,"column":46}}]}},"s":{"0":1,"1":1,"2":1,"3":1,"4":1,"5":1,"6":1,"7":1,"8":0,"9":0,"10":1,"11":0,"12":0,"13":0,"14":0,"15":1,"16":0,"17":1,"18":0,"19":1,"20":0,"21":0,"22":0,"23":0,"24":0,"25":0,"26":0,"27":0,"28":0,"29":0,"30":0,"31":0,"32":0,"33":0,"34":0,"35":0,"36":0,"37":0,"38":0,"39":0,"40":0,"41":0,"42":0,"43":0,"44":0,"45":0,"46":0,"47":0,"48":0,"49":0,"50":0,"51":0,"52":0,"53":0,"54":0,"55":0,"56":0,"57":0,"58":0,"59":0,"60":0,"61":0,"62":0,"63":0,"64":0,"65":0,"66":0,"67":0,"68":0,"69":0,"70":0,"71":0,"72":1},"f":{"0":1,"1":0,"2":0,"3":0,"4":0,"5":0,"6":0,"7":0},"b":{"0":[1,0],"1":[0],"2":[0],"3":[0],"4":[0],"5":[0],"6":[0],"7":[0],"8":[0,0],"9":[0],"10":[0,0],"11":[0,0],"12":[0],"13":[0,0]}}
,"C:\\Users\\Victor Rodrigues\\OneDrive\\Documentos\\Programming\\chatbot-republic\\whatsapp-ai-chatbot\\src\\services\\autoReplyService.ts": {"path":"C:\\Users\\Victor Rodrigues\\OneDrive\\Documentos\\Programming\\chatbot-republic\\whatsapp-ai-chatbot\\src\\services\\autoReplyService.ts","statementMap":{"0":{"start":{"line":1,"column":0},"end":{"line":1,"column":37}},"1":{"start":{"line":2,"column":0},"end":{"line":2,"column":47}},"2":{"start":{"line":5,"column":18},"end":{"line":5,"column":46}},"3":{"start":{"line":6,"column":18},"end":{"line":6,"column":56}},"4":{"start":{"line":7,"column":10},"end":{"line":7,"column":30}},"5":{"start":{"line":11,"column":4},"end":{"line":11,"column":37}},"6":{"start":{"line":12,"column":4},"end":{"line":14,"column":15}},"7":{"start":{"line":13,"column":6},"end":{"line":13,"column":39}},"8":{"start":{"line":19,"column":19},"end":{"line":19,"column":20}},"9":{"start":{"line":20,"column":25},"end":{"line":20,"column":26}},"10":{"start":{"line":21,"column":4},"end":{"line":34,"column":5}},"11":{"start":{"line":22,"column":6},"end":{"line":33,"column":7}},"12":{"start":{"line":23,"column":29},"end":{"line":23,"column":76}},"13":{"start":{"line":24,"column":8},"end":{"line":24,"column":39}},"14":{"start":{"line":25,"column":8},"end":{"line":25,"column":75}},"15":{"start":{"line":25,"column":39},"end":{"line":25,"column":73}},"16":{"start":{"line":26,"column":8},"end":{"line":26,"column":32}},"17":{"start":{"line":27,"column":8},"end":{"line":27,"column":102}},"18":{"start":{"line":28,"column":8},"end":{"line":28,"column":15}},"19":{"start":{"line":30,"column":8},"end":{"line":30,"column":19}},"20":{"start":{"line":31,"column":8},"end":{"line":31,"column":74}},"21":{"start":{"line":32,"column":8},"end":{"line":32,"column":75}},"22":{"start":{"line":32,"column":37},"end":{"line":32,"column":73}},"23":{"start":{"line":35,"column":4},"end":{"line":35,"column":74}},"24":{"start":{"line":40,"column":4},"end":{"line":53,"column":5}},"25":{"start":{"line":41,"column":6},"end":{"line":50,"column":7}},"26":{"start":{"line":43,"column":8},"end":{"line":43,"column":46}},"27":{"start":{"line":46,"column":23},"end":{"line":46,"column":46}},"28":{"start":{"line":47,"column":8},"end":{"line":47,"column":53}},"29":{"start":{"line":49,"column":8},"end":{"line":49,"column":56}},"30":{"start":{"line":52,"column":6},"end":{"line":52,"column":57}},"31":{"start":{"line":58,"column":4},"end":{"line":73,"column":5}},"32":{"start":{"line":59,"column":6},"end":{"line":70,"column":7}},"33":{"start":{"line":61,"column":8},"end":{"line":69,"column":9}},"34":{"start":{"line":62,"column":10},"end":{"line":62,"column":45}},"35":{"start":{"line":65,"column":10},"end":{"line":68,"column":11}},"36":{"start":{"line":66,"column":12},"end":{"line":66,"column":60}},"37":{"start":{"line":67,"column":12},"end":{"line":67,"column":60}},"38":{"start":{"line":72,"column":6},"end":{"line":72,"column":58}},"39":{"start":{"line":79,"column":4},"end":{"line":82,"column":5}},"40":{"start":{"line":80,"column":6},"end":{"line":80,"column":82}},"41":{"start":{"line":81,"column":6},"end":{"line":81,"column":19}},"42":{"start":{"line":83,"column":4},"end":{"line":83,"column":46}},"43":{"start":{"line":88,"column":4},"end":{"line":95,"column":5}},"44":{"start":{"line":90,"column":6},"end":{"line":90,"column":39}},"45":{"start":{"line":91,"column":6},"end":{"line":91,"column":48}},"46":{"start":{"line":93,"column":6},"end":{"line":93,"column":66}},"47":{"start":{"line":94,"column":6},"end":{"line":94,"column":48}},"48":{"start":{"line":99,"column":25},"end":{"line":99,"column":47}},"49":{"start":{"line":100,"column":0},"end":{"line":100,"column":32}}},"fnMap":{"0":{"name":"(anonymous_1)","decl":{"start":{"line":4,"column":0},"end":{"line":4,"column":6}},"loc":{"start":{"line":4,"column":0},"end":{"line":97,"column":1}}},"1":{"name":"(anonymous_2)","decl":{"start":{"line":10,"column":9},"end":{"line":10,"column":14}},"loc":{"start":{"line":10,"column":25},"end":{"line":15,"column":3}}},"2":{"name":"(anonymous_3)","decl":{"start":{"line":12,"column":16},"end":{"line":12,"column":21}},"loc":{"start":{"line":12,"column":27},"end":{"line":14,"column":5}}},"3":{"name":"(anonymous_4)","decl":{"start":{"line":18,"column":10},"end":{"line":18,"column":15}},"loc":{"start":{"line":18,"column":35},"end":{"line":36,"column":3}}},"4":{"name":"(anonymous_5)","decl":{"start":{"line":25,"column":29},"end":{"line":25,"column":35}},"loc":{"start":{"line":25,"column":39},"end":{"line":25,"column":73}}},"5":{"name":"(anonymous_6)","decl":{"start":{"line":32,"column":26},"end":{"line":32,"column":33}},"loc":{"start":{"line":32,"column":37},"end":{"line":32,"column":73}}},"6":{"name":"(anonymous_7)","decl":{"start":{"line":39,"column":9},"end":{"line":39,"column":14}},"loc":{"start":{"line":39,"column":40},"end":{"line":54,"column":3}}},"7":{"name":"(anonymous_8)","decl":{"start":{"line":57,"column":9},"end":{"line":57,"column":14}},"loc":{"start":{"line":57,"column":39},"end":{"line":74,"column":3}}},"8":{"name":"(anonymous_9)","decl":{"start":{"line":77,"column":9},"end":{"line":77,"column":18}},"loc":{"start":{"line":77,"column":33},"end":{"line":84,"column":3}}},"9":{"name":"(anonymous_10)","decl":{"start":{"line":87,"column":9},"end":{"line":87,"column":14}},"loc":{"start":{"line":87,"column":28},"end":{"line":96,"column":3}}}},"branchMap":{"0":{"loc":{"start":{"line":61,"column":8},"end":{"line":69,"column":9}},"type":"if","locations":[{"start":{"line":61,"column":8},"end":{"line":69,"column":9}}]},"1":{"loc":{"start":{"line":65,"column":10},"end":{"line":68,"column":11}},"type":"if","locations":[{"start":{"line":65,"column":10},"end":{"line":68,"column":11}}]},"2":{"loc":{"start":{"line":79,"column":4},"end":{"line":82,"column":5}},"type":"if","locations":[{"start":{"line":79,"column":4},"end":{"line":82,"column":5}}]}},"s":{"0":1,"1":1,"2":1,"3":1,"4":1,"5":0,"6":0,"7":0,"8":0,"9":0,"10":0,"11":0,"12":0,"13":0,"14":0,"15":0,"16":0,"17":0,"18":0,"19":0,"20":0,"21":0,"22":0,"23":0,"24":0,"25":0,"26":0,"27":0,"28":0,"29":0,"30":0,"31":0,"32":0,"33":0,"34":0,"35":0,"36":0,"37":0,"38":0,"39":0,"40":0,"41":0,"42":0,"43":0,"44":0,"45":0,"46":0,"47":0,"48":1,"49":1},"f":{"0":1,"1":0,"2":0,"3":0,"4":0,"5":0,"6":0,"7":0,"8":0,"9":0},"b":{"0":[0],"1":[0],"2":[0]}}
,"C:\\Users\\Victor Rodrigues\\OneDrive\\Documentos\\Programming\\chatbot-republic\\whatsapp-ai-chatbot\\src\\services\\whatsappService.ts": {"path":"C:\\Users\\Victor Rodrigues\\OneDrive\\Documentos\\Programming\\chatbot-republic\\whatsapp-ai-chatbot\\src\\services\\whatsappService.ts","statementMap":{"0":{"start":{"line":1,"column":0},"end":{"line":1,"column":26}},"1":{"start":{"line":3,"column":0},"end":{"line":3,"column":48}},"2":{"start":{"line":4,"column":0},"end":{"line":4,"column":37}},"3":{"start":{"line":5,"column":0},"end":{"line":5,"column":51}},"4":{"start":{"line":6,"column":0},"end":{"line":6,"column":50}},"5":{"start":{"line":7,"column":0},"end":{"line":7,"column":76}},"6":{"start":{"line":8,"column":0},"end":{"line":8,"column":52}},"7":{"start":{"line":11,"column":19},"end":{"line":11,"column":64}},"8":{"start":{"line":12,"column":19},"end":{"line":12,"column":68}},"9":{"start":{"line":16,"column":4},"end":{"line":37,"column":5}},"10":{"start":{"line":17,"column":6},"end":{"line":20,"column":7}},"11":{"start":{"line":18,"column":8},"end":{"line":18,"column":72}},"12":{"start":{"line":19,"column":8},"end":{"line":19,"column":15}},"13":{"start":{"line":23,"column":6},"end":{"line":34,"column":7}},"14":{"start":{"line":24,"column":8},"end":{"line":33,"column":9}},"15":{"start":{"line":25,"column":10},"end":{"line":25,"column":52}},"16":{"start":{"line":25,"column":43},"end":{"line":25,"column":52}},"17":{"start":{"line":27,"column":10},"end":{"line":27,"column":48}},"18":{"start":{"line":29,"column":27},"end":{"line":29,"column":54}},"19":{"start":{"line":31,"column":10},"end":{"line":31,"column":47}},"20":{"start":{"line":36,"column":6},"end":{"line":36,"column":94}},"21":{"start":{"line":41,"column":4},"end":{"line":65,"column":5}},"22":{"start":{"line":44,"column":6},"end":{"line":50,"column":7}},"23":{"start":{"line":45,"column":8},"end":{"line":45,"column":33}},"24":{"start":{"line":46,"column":13},"end":{"line":50,"column":7}},"25":{"start":{"line":47,"column":8},"end":{"line":47,"column":37}},"26":{"start":{"line":49,"column":8},"end":{"line":49,"column":17}},"27":{"start":{"line":52,"column":21},"end":{"line":52,"column":33}},"28":{"start":{"line":53,"column":24},"end":{"line":53,"column":41}},"29":{"start":{"line":55,"column":6},"end":{"line":55,"column":111}},"30":{"start":{"line":58,"column":6},"end":{"line":61,"column":7}},"31":{"start":{"line":59,"column":8},"end":{"line":59,"column":57}},"32":{"start":{"line":60,"column":8},"end":{"line":60,"column":48}},"33":{"start":{"line":64,"column":6},"end":{"line":64,"column":56}},"34":{"start":{"line":69,"column":21},"end":{"line":69,"column":48}},"35":{"start":{"line":70,"column":4},"end":{"line":75,"column":5}},"36":{"start":{"line":71,"column":6},"end":{"line":74,"column":7}},"37":{"start":{"line":72,"column":8},"end":{"line":72,"column":88}},"38":{"start":{"line":73,"column":8},"end":{"line":73,"column":60}},"39":{"start":{"line":80,"column":4},"end":{"line":146,"column":5}},"40":{"start":{"line":81,"column":33},"end":{"line":81,"column":37}},"41":{"start":{"line":82,"column":6},"end":{"line":85,"column":7}},"42":{"start":{"line":83,"column":8},"end":{"line":83,"column":74}},"43":{"start":{"line":84,"column":8},"end":{"line":84,"column":65}},"44":{"start":{"line":87,"column":6},"end":{"line":87,"column":104}},"45":{"start":{"line":89,"column":23},"end":{"line":106,"column":null}},"46":{"start":{"line":109,"column":6},"end":{"line":109,"column":71}},"47":{"start":{"line":113,"column":6},"end":{"line":141,"column":7}},"48":{"start":{"line":114,"column":27},"end":{"line":114,"column":56}},"49":{"start":{"line":115,"column":29},"end":{"line":115,"column":75}},"50":{"start":{"line":117,"column":8},"end":{"line":134,"column":9}},"51":{"start":{"line":118,"column":29},"end":{"line":118,"column":83}},"52":{"start":{"line":119,"column":10},"end":{"line":119,"column":91}},"53":{"start":{"line":121,"column":10},"end":{"line":124,"column":13}},"54":{"start":{"line":126,"column":10},"end":{"line":126,"column":88}},"55":{"start":{"line":127,"column":15},"end":{"line":134,"column":9}},"56":{"start":{"line":128,"column":10},"end":{"line":131,"column":13}},"57":{"start":{"line":133,"column":10},"end":{"line":133,"column":78}},"58":{"start":{"line":136,"column":35},"end":{"line":136,"column":83}},"59":{"start":{"line":137,"column":8},"end":{"line":137,"column":41}},"60":{"start":{"line":138,"column":8},"end":{"line":138,"column":48}},"61":{"start":{"line":140,"column":8},"end":{"line":140,"column":23}},"62":{"start":{"line":144,"column":6},"end":{"line":144,"column":70}},"63":{"start":{"line":145,"column":6},"end":{"line":145,"column":57}},"64":{"start":{"line":151,"column":4},"end":{"line":171,"column":5}},"65":{"start":{"line":152,"column":22},"end":{"line":152,"column":74}},"66":{"start":{"line":154,"column":6},"end":{"line":168,"column":7}},"67":{"start":{"line":155,"column":32},"end":{"line":155,"column":34}},"68":{"start":{"line":157,"column":8},"end":{"line":162,"column":9}},"69":{"start":{"line":157,"column":21},"end":{"line":157,"column":39}},"70":{"start":{"line":158,"column":10},"end":{"line":161,"column":11}},"71":{"start":{"line":159,"column":12},"end":{"line":159,"column":51}},"72":{"start":{"line":160,"column":12},"end":{"line":160,"column":18}},"73":{"start":{"line":164,"column":8},"end":{"line":167,"column":9}},"74":{"start":{"line":165,"column":10},"end":{"line":165,"column":66}},"75":{"start":{"line":166,"column":10},"end":{"line":166,"column":65}},"76":{"start":{"line":170,"column":6},"end":{"line":170,"column":72}},"77":{"start":{"line":177,"column":24},"end":{"line":177,"column":57}},"78":{"start":{"line":179,"column":4},"end":{"line":182,"column":5}},"79":{"start":{"line":180,"column":6},"end":{"line":180,"column":47}},"80":{"start":{"line":181,"column":6},"end":{"line":181,"column":23}},"81":{"start":{"line":184,"column":4},"end":{"line":184,"column":56}},"82":{"start":{"line":185,"column":4},"end":{"line":185,"column":16}},"83":{"start":{"line":189,"column":0},"end":{"line":189,"column":37}}},"fnMap":{"0":{"name":"(anonymous_1)","decl":{"start":{"line":10,"column":0},"end":{"line":10,"column":6}},"loc":{"start":{"line":10,"column":0},"end":{"line":187,"column":1}}},"1":{"name":"(anonymous_2)","decl":{"start":{"line":15,"column":9},"end":{"line":15,"column":14}},"loc":{"start":{"line":15,"column":61},"end":{"line":38,"column":3}}},"2":{"name":"(anonymous_3)","decl":{"start":{"line":40,"column":10},"end":{"line":40,"column":15}},"loc":{"start":{"line":40,"column":59},"end":{"line":66,"column":3}}},"3":{"name":"(anonymous_4)","decl":{"start":{"line":68,"column":10},"end":{"line":68,"column":15}},"loc":{"start":{"line":68,"column":46},"end":{"line":76,"column":3}}},"4":{"name":"(anonymous_5)","decl":{"start":{"line":79,"column":9},"end":{"line":79,"column":14}},"loc":{"start":{"line":79,"column":51},"end":{"line":147,"column":3}}},"5":{"name":"(anonymous_6)","decl":{"start":{"line":150,"column":10},"end":{"line":150,"column":15}},"loc":{"start":{"line":150,"column":55},"end":{"line":172,"column":3}}},"6":{"name":"(anonymous_7)","decl":{"start":{"line":175,"column":9},"end":{"line":175,"column":22}},"loc":{"start":{"line":175,"column":69},"end":{"line":186,"column":3}}}},"branchMap":{"0":{"loc":{"start":{"line":17,"column":6},"end":{"line":20,"column":7}},"type":"if","locations":[{"start":{"line":17,"column":6},"end":{"line":20,"column":7}}]},"1":{"loc":{"start":{"line":25,"column":10},"end":{"line":25,"column":52}},"type":"if","locations":[{"start":{"line":25,"column":10},"end":{"line":25,"column":52}}]},"2":{"loc":{"start":{"line":29,"column":27},"end":{"line":29,"column":54}},"type":"binary-expr","locations":[{"start":{"line":29,"column":27},"end":{"line":29,"column":48}},{"start":{"line":29,"column":52},"end":{"line":29,"column":54}}]},"3":{"loc":{"start":{"line":36,"column":48},"end":{"line":36,"column":92}},"type":"cond-expr","locations":[{"start":{"line":36,"column":73},"end":{"line":36,"column":84}},{"start":{"line":36,"column":87},"end":{"line":36,"column":92}}]},"4":{"loc":{"start":{"line":44,"column":6},"end":{"line":50,"column":7}},"type":"if","locations":[{"start":{"line":44,"column":6},"end":{"line":50,"column":7}},{"start":{"line":46,"column":13},"end":{"line":50,"column":7}}]},"5":{"loc":{"start":{"line":46,"column":13},"end":{"line":50,"column":7}},"type":"if","locations":[{"start":{"line":46,"column":13},"end":{"line":50,"column":7}},{"start":{"line":48,"column":13},"end":{"line":50,"column":7}}]},"6":{"loc":{"start":{"line":55,"column":78},"end":{"line":55,"column":107}},"type":"cond-expr","locations":[{"start":{"line":55,"column":97},"end":{"line":55,"column":102}},{"start":{"line":55,"column":105},"end":{"line":55,"column":107}}]},"7":{"loc":{"start":{"line":58,"column":6},"end":{"line":61,"column":7}},"type":"if","locations":[{"start":{"line":58,"column":6},"end":{"line":61,"column":7}}]},"8":{"loc":{"start":{"line":69,"column":21},"end":{"line":69,"column":48}},"type":"binary-expr","locations":[{"start":{"line":69,"column":21},"end":{"line":69,"column":42}},{"start":{"line":69,"column":46},"end":{"line":69,"column":48}}]},"9":{"loc":{"start":{"line":71,"column":6},"end":{"line":74,"column":7}},"type":"if","locations":[{"start":{"line":71,"column":6},"end":{"line":74,"column":7}}]},"10":{"loc":{"start":{"line":71,"column":10},"end":{"line":71,"column":77}},"type":"binary-expr","locations":[{"start":{"line":71,"column":10},"end":{"line":71,"column":36}},{"start":{"line":71,"column":40},"end":{"line":71,"column":77}}]},"11":{"loc":{"start":{"line":82,"column":6},"end":{"line":85,"column":7}},"type":"if","locations":[{"start":{"line":82,"column":6},"end":{"line":85,"column":7}}]},"12":{"loc":{"start":{"line":87,"column":71},"end":{"line":87,"column":100}},"type":"cond-expr","locations":[{"start":{"line":87,"column":90},"end":{"line":87,"column":95}},{"start":{"line":87,"column":98},"end":{"line":87,"column":100}}]},"13":{"loc":{"start":{"line":113,"column":6},"end":{"line":141,"column":7}},"type":"if","locations":[{"start":{"line":113,"column":6},"end":{"line":141,"column":7}}]},"14":{"loc":{"start":{"line":114,"column":27},"end":{"line":114,"column":56}},"type":"binary-expr","locations":[{"start":{"line":114,"column":27},"end":{"line":114,"column":49}},{"start":{"line":114,"column":53},"end":{"line":114,"column":56}}]},"15":{"loc":{"start":{"line":115,"column":29},"end":{"line":115,"column":75}},"type":"binary-expr","locations":[{"start":{"line":115,"column":29},"end":{"line":115,"column":58}},{"start":{"line":115,"column":62},"end":{"line":115,"column":75}}]},"16":{"loc":{"start":{"line":117,"column":8},"end":{"line":134,"column":9}},"type":"if","locations":[{"start":{"line":117,"column":8},"end":{"line":134,"column":9}},{"start":{"line":127,"column":15},"end":{"line":134,"column":9}}]},"17":{"loc":{"start":{"line":118,"column":29},"end":{"line":118,"column":83}},"type":"binary-expr","locations":[{"start":{"line":118,"column":29},"end":{"line":118,"column":77}},{"start":{"line":118,"column":81},"end":{"line":118,"column":83}}]},"18":{"loc":{"start":{"line":127,"column":15},"end":{"line":134,"column":9}},"type":"if","locations":[{"start":{"line":127,"column":15},"end":{"line":134,"column":9}},{"start":{"line":132,"column":15},"end":{"line":134,"column":9}}]},"19":{"loc":{"start":{"line":154,"column":6},"end":{"line":168,"column":7}},"type":"if","locations":[{"start":{"line":154,"column":6},"end":{"line":168,"column":7}}]},"20":{"loc":{"start":{"line":158,"column":10},"end":{"line":161,"column":11}},"type":"if","locations":[{"start":{"line":158,"column":10},"end":{"line":161,"column":11}}]},"21":{"loc":{"start":{"line":164,"column":8},"end":{"line":167,"column":9}},"type":"if","locations":[{"start":{"line":164,"column":8},"end":{"line":167,"column":9}}]},"22":{"loc":{"start":{"line":179,"column":4},"end":{"line":182,"column":5}},"type":"if","locations":[{"start":{"line":179,"column":4},"end":{"line":182,"column":5}}]},"23":{"loc":{"start":{"line":179,"column":8},"end":{"line":179,"column":53}},"type":"binary-expr","locations":[{"start":{"line":179,"column":8},"end":{"line":179,"column":28}},{"start":{"line":179,"column":32},"end":{"line":179,"column":53}}]}},"s":{"0":1,"1":1,"2":1,"3":1,"4":1,"5":1,"6":1,"7":1,"8":1,"9":1,"10":1,"11":0,"12":0,"13":1,"14":1,"15":1,"16":0,"17":1,"18":1,"19":1,"20":0,"21":1,"22":1,"23":1,"24":0,"25":0,"26":0,"27":1,"28":1,"29":1,"30":1,"31":0,"32":0,"33":1,"34":1,"35":1,"36":0,"37":0,"38":0,"39":0,"40":0,"41":0,"42":0,"43":0,"44":0,"45":0,"46":0,"47":0,"48":0,"49":0,"50":0,"51":0,"52":0,"53":0,"54":0,"55":0,"56":0,"57":0,"58":0,"59":0,"60":0,"61":0,"62":0,"63":0,"64":0,"65":0,"66":0,"67":0,"68":0,"69":0,"70":0,"71":0,"72":0,"73":0,"74":0,"75":0,"76":0,"77":0,"78":0,"79":0,"80":0,"81":0,"82":0,"83":1},"f":{"0":1,"1":1,"2":1,"3":1,"4":0,"5":0,"6":0},"b":{"0":[0],"1":[0],"2":[1,0],"3":[0,0],"4":[1,0],"5":[0,0],"6":[1,0],"7":[0],"8":[1,1],"9":[0],"10":[0,0],"11":[0],"12":[0,0],"13":[0],"14":[0,0],"15":[0,0],"16":[0,0],"17":[0,0],"18":[0,0],"19":[0],"20":[0],"21":[0],"22":[0],"23":[0,0]}}
,"C:\\Users\\Victor Rodrigues\\OneDrive\\Documentos\\Programming\\chatbot-republic\\whatsapp-ai-chatbot\\src\\utils\\logger.ts": {"path":"C:\\Users\\Victor Rodrigues\\OneDrive\\Documentos\\Programming\\chatbot-republic\\whatsapp-ai-chatbot\\src\\utils\\logger.ts","statementMap":{"0":{"start":{"line":1,"column":0},"end":{"line":1,"column":30}},"1":{"start":{"line":2,"column":0},"end":{"line":2,"column":48}},"2":{"start":{"line":4,"column":49},"end":{"line":4,"column":63}},"3":{"start":{"line":7,"column":18},"end":{"line":9,"column":2}},"4":{"start":{"line":8,"column":2},"end":{"line":8,"column":101}},"5":{"start":{"line":12,"column":15},"end":{"line":27,"column":2}},"6":{"start":{"line":30,"column":0},"end":{"line":46,"column":1}},"7":{"start":{"line":31,"column":2},"end":{"line":38,"column":4}},"8":{"start":{"line":39,"column":2},"end":{"line":45,"column":4}},"9":{"start":{"line":48,"column":0},"end":{"line":48,"column":22}}},"fnMap":{"0":{"name":"(anonymous_1)","decl":{"start":{"line":7,"column":25},"end":{"line":7,"column":26}},"loc":{"start":{"line":7,"column":68},"end":{"line":9,"column":1}}}},"branchMap":{"0":{"loc":{"start":{"line":8,"column":46},"end":{"line":8,"column":98}},"type":"cond-expr","locations":[{"start":{"line":8,"column":73},"end":{"line":8,"column":93}},{"start":{"line":8,"column":96},"end":{"line":8,"column":98}}]},"1":{"loc":{"start":{"line":30,"column":0},"end":{"line":46,"column":1}},"type":"if","locations":[{"start":{"line":30,"column":0},"end":{"line":46,"column":1}}]}},"s":{"0":1,"1":1,"2":1,"3":1,"4":15,"5":1,"6":1,"7":0,"8":0,"9":1},"f":{"0":15},"b":{"0":[2,13],"1":[0]}}
,"C:\\Users\\Victor Rodrigues\\OneDrive\\Documentos\\Programming\\chatbot-republic\\whatsapp-ai-chatbot\\src\\utils\\messageBuffer.ts": {"path":"C:\\Users\\Victor Rodrigues\\OneDrive\\Documentos\\Programming\\chatbot-republic\\whatsapp-ai-chatbot\\src\\utils\\messageBuffer.ts","statementMap":{"0":{"start":{"line":2,"column":0},"end":{"line":2,"column":48}},"1":{"start":{"line":3,"column":0},"end":{"line":3,"column":30}},"2":{"start":{"line":4,"column":0},"end":{"line":4,"column":76}},"3":{"start":{"line":5,"column":0},"end":{"line":5,"column":60}},"4":{"start":{"line":6,"column":0},"end":{"line":6,"column":57}},"5":{"start":{"line":9,"column":19},"end":{"line":9,"column":69}},"6":{"start":{"line":12,"column":4},"end":{"line":57,"column":5}},"7":{"start":{"line":13,"column":29},"end":{"line":13,"column":53}},"8":{"start":{"line":15,"column":6},"end":{"line":17,"column":7}},"9":{"start":{"line":16,"column":8},"end":{"line":16,"column":47}},"10":{"start":{"line":19,"column":21},"end":{"line":23,"column":8}},"11":{"start":{"line":25,"column":6},"end":{"line":25,"column":36}},"12":{"start":{"line":26,"column":6},"end":{"line":26,"column":39}},"13":{"start":{"line":29,"column":24},"end":{"line":50,"column":43}},"14":{"start":{"line":30,"column":8},"end":{"line":33,"column":9}},"15":{"start":{"line":31,"column":10},"end":{"line":31,"column":38}},"16":{"start":{"line":32,"column":10},"end":{"line":32,"column":17}},"17":{"start":{"line":35,"column":8},"end":{"line":47,"column":9}},"18":{"start":{"line":36,"column":26},"end":{"line":36,"column":73}},"19":{"start":{"line":39,"column":10},"end":{"line":43,"column":13}},"20":{"start":{"line":46,"column":10},"end":{"line":46,"column":71}},"21":{"start":{"line":49,"column":8},"end":{"line":49,"column":36}},"22":{"start":{"line":52,"column":6},"end":{"line":52,"column":57}},"23":{"start":{"line":54,"column":6},"end":{"line":54,"column":105}},"24":{"start":{"line":56,"column":6},"end":{"line":56,"column":82}},"25":{"start":{"line":61,"column":0},"end":{"line":61,"column":35}}},"fnMap":{"0":{"name":"(anonymous_1)","decl":{"start":{"line":8,"column":0},"end":{"line":8,"column":6}},"loc":{"start":{"line":8,"column":0},"end":{"line":59,"column":1}}},"1":{"name":"(anonymous_2)","decl":{"start":{"line":11,"column":9},"end":{"line":11,"column":19}},"loc":{"start":{"line":11,"column":70},"end":{"line":58,"column":3}}},"2":{"name":"(anonymous_3)","decl":{"start":{"line":29,"column":35},"end":{"line":29,"column":40}},"loc":{"start":{"line":29,"column":46},"end":{"line":50,"column":7}}}},"branchMap":{"0":{"loc":{"start":{"line":15,"column":6},"end":{"line":17,"column":7}},"type":"if","locations":[{"start":{"line":15,"column":6},"end":{"line":17,"column":7}}]},"1":{"loc":{"start":{"line":19,"column":21},"end":{"line":23,"column":8}},"type":"binary-expr","locations":[{"start":{"line":19,"column":21},"end":{"line":19,"column":35}},{"start":{"line":19,"column":39},"end":{"line":23,"column":8}}]},"2":{"loc":{"start":{"line":30,"column":8},"end":{"line":33,"column":9}},"type":"if","locations":[{"start":{"line":30,"column":8},"end":{"line":33,"column":9}}]}},"s":{"0":1,"1":1,"2":1,"3":1,"4":1,"5":1,"6":1,"7":1,"8":1,"9":0,"10":1,"11":1,"12":1,"13":1,"14":0,"15":0,"16":0,"17":0,"18":0,"19":0,"20":0,"21":0,"22":1,"23":1,"24":0,"25":1},"f":{"0":1,"1":1,"2":0},"b":{"0":[0],"1":[1,1],"2":[0]}}
,"C:\\Users\\Victor Rodrigues\\OneDrive\\Documentos\\Programming\\chatbot-republic\\whatsapp-ai-chatbot\\src\\utils\\queues.ts": {"path":"C:\\Users\\Victor Rodrigues\\OneDrive\\Documentos\\Programming\\chatbot-republic\\whatsapp-ai-chatbot\\src\\utils\\queues.ts","statementMap":{"0":{"start":{"line":1,"column":0},"end":{"line":1,"column":39}},"1":{"start":{"line":2,"column":0},"end":{"line":2,"column":82}},"2":{"start":{"line":3,"column":0},"end":{"line":3,"column":48}},"3":{"start":{"line":4,"column":0},"end":{"line":4,"column":30}},"4":{"start":{"line":5,"column":0},"end":{"line":5,"column":40}},"5":{"start":{"line":8,"column":13},"end":{"line":12,"column":2}},"6":{"start":{"line":15,"column":13},"end":{"line":22,"column":3}},"7":{"start":{"line":24,"column":13},"end":{"line":30,"column":3}},"8":{"start":{"line":32,"column":13},"end":{"line":32,"column":76}},"9":{"start":{"line":35,"column":13},"end":{"line":38,"column":3}},"10":{"start":{"line":40,"column":13},"end":{"line":43,"column":3}},"11":{"start":{"line":45,"column":13},"end":{"line":48,"column":3}},"12":{"start":{"line":51,"column":0},"end":{"line":57,"column":3}},"13":{"start":{"line":52,"column":2},"end":{"line":56,"column":3}},"14":{"start":{"line":53,"column":4},"end":{"line":53,"column":70}},"15":{"start":{"line":55,"column":4},"end":{"line":55,"column":70}},"16":{"start":{"line":59,"column":0},"end":{"line":65,"column":3}},"17":{"start":{"line":60,"column":2},"end":{"line":64,"column":3}},"18":{"start":{"line":61,"column":4},"end":{"line":61,"column":77}},"19":{"start":{"line":62,"column":19},"end":{"line":62,"column":34}},"20":{"start":{"line":63,"column":4},"end":{"line":63,"column":67}},"21":{"start":{"line":67,"column":0},"end":{"line":73,"column":3}},"22":{"start":{"line":68,"column":2},"end":{"line":72,"column":3}},"23":{"start":{"line":69,"column":4},"end":{"line":69,"column":85}},"24":{"start":{"line":71,"column":4},"end":{"line":71,"column":70}}},"fnMap":{"0":{"name":"(anonymous_1)","decl":{"start":{"line":51,"column":37},"end":{"line":51,"column":42}},"loc":{"start":{"line":51,"column":56},"end":{"line":57,"column":1}}},"1":{"name":"(anonymous_2)","decl":{"start":{"line":59,"column":37},"end":{"line":59,"column":42}},"loc":{"start":{"line":59,"column":56},"end":{"line":65,"column":1}}},"2":{"name":"(anonymous_3)","decl":{"start":{"line":67,"column":32},"end":{"line":67,"column":37}},"loc":{"start":{"line":67,"column":51},"end":{"line":73,"column":1}}}},"branchMap":{"0":{"loc":{"start":{"line":52,"column":2},"end":{"line":56,"column":3}},"type":"if","locations":[{"start":{"line":52,"column":2},"end":{"line":56,"column":3}}]},"1":{"loc":{"start":{"line":52,"column":6},"end":{"line":52,"column":52}},"type":"binary-expr","locations":[{"start":{"line":52,"column":6},"end":{"line":52,"column":9}},{"start":{"line":52,"column":13},"end":{"line":52,"column":52}}]},"2":{"loc":{"start":{"line":60,"column":2},"end":{"line":64,"column":3}},"type":"if","locations":[{"start":{"line":60,"column":2},"end":{"line":64,"column":3}}]},"3":{"loc":{"start":{"line":60,"column":6},"end":{"line":60,"column":51}},"type":"binary-expr","locations":[{"start":{"line":60,"column":6},"end":{"line":60,"column":9}},{"start":{"line":60,"column":13},"end":{"line":60,"column":51}}]},"4":{"loc":{"start":{"line":68,"column":2},"end":{"line":72,"column":3}},"type":"if","locations":[{"start":{"line":68,"column":2},"end":{"line":72,"column":3}}]},"5":{"loc":{"start":{"line":68,"column":6},"end":{"line":68,"column":51}},"type":"binary-expr","locations":[{"start":{"line":68,"column":6},"end":{"line":68,"column":9}},{"start":{"line":68,"column":13},"end":{"line":68,"column":51}}]}},"s":{"0":1,"1":1,"2":1,"3":1,"4":1,"5":1,"6":1,"7":1,"8":1,"9":1,"10":1,"11":1,"12":1,"13":0,"14":0,"15":0,"16":1,"17":0,"18":0,"19":0,"20":0,"21":1,"22":0,"23":0,"24":0},"f":{"0":0,"1":0,"2":0},"b":{"0":[0],"1":[0,0],"2":[0],"3":[0,0],"4":[0],"5":[0,0]}}
,"C:\\Users\\Victor Rodrigues\\OneDrive\\Documentos\\Programming\\chatbot-republic\\whatsapp-ai-chatbot\\src\\utils\\redisClient.ts": {"path":"C:\\Users\\Victor Rodrigues\\OneDrive\\Documentos\\Programming\\chatbot-republic\\whatsapp-ai-chatbot\\src\\utils\\redisClient.ts","statementMap":{"0":{"start":{"line":1,"column":0},"end":{"line":1,"column":37}},"1":{"start":{"line":2,"column":0},"end":{"line":2,"column":30}},"2":{"start":{"line":3,"column":0},"end":{"line":3,"column":48}},"3":{"start":{"line":7,"column":10},"end":{"line":7,"column":39}},"4":{"start":{"line":8,"column":19},"end":{"line":8,"column":51}},"5":{"start":{"line":9,"column":10},"end":{"line":9,"column":40}},"6":{"start":{"line":12,"column":4},"end":{"line":19,"column":7}},"7":{"start":{"line":21,"column":4},"end":{"line":24,"column":7}},"8":{"start":{"line":22,"column":6},"end":{"line":22,"column":46}},"9":{"start":{"line":23,"column":6},"end":{"line":23,"column":31}},"10":{"start":{"line":26,"column":4},"end":{"line":29,"column":7}},"11":{"start":{"line":27,"column":6},"end":{"line":27,"column":40}},"12":{"start":{"line":28,"column":6},"end":{"line":28,"column":30}},"13":{"start":{"line":31,"column":4},"end":{"line":34,"column":7}},"14":{"start":{"line":32,"column":6},"end":{"line":32,"column":40}},"15":{"start":{"line":33,"column":6},"end":{"line":33,"column":30}},"16":{"start":{"line":36,"column":4},"end":{"line":38,"column":7}},"17":{"start":{"line":37,"column":6},"end":{"line":37,"column":43}},"18":{"start":{"line":40,"column":4},"end":{"line":43,"column":7}},"19":{"start":{"line":41,"column":6},"end":{"line":41,"column":44}},"20":{"start":{"line":42,"column":6},"end":{"line":42,"column":31}},"21":{"start":{"line":47,"column":6},"end":{"line":53,"column":7}},"22":{"start":{"line":48,"column":10},"end":{"line":48,"column":38}},"23":{"start":{"line":49,"column":10},"end":{"line":49,"column":67}},"24":{"start":{"line":51,"column":10},"end":{"line":51,"column":71}},"25":{"start":{"line":52,"column":10},"end":{"line":52,"column":35}},"26":{"start":{"line":57,"column":4},"end":{"line":72,"column":5}},"27":{"start":{"line":58,"column":6},"end":{"line":60,"column":7}},"28":{"start":{"line":59,"column":8},"end":{"line":59,"column":15}},"29":{"start":{"line":61,"column":6},"end":{"line":61,"column":34}},"30":{"start":{"line":63,"column":6},"end":{"line":63,"column":33}},"31":{"start":{"line":65,"column":6},"end":{"line":65,"column":57}},"32":{"start":{"line":67,"column":22},"end":{"line":67,"column":81}},"33":{"start":{"line":68,"column":6},"end":{"line":68,"column":31}},"34":{"start":{"line":70,"column":6},"end":{"line":70,"column":107}},"35":{"start":{"line":71,"column":6},"end":{"line":71,"column":45}},"36":{"start":{"line":71,"column":23},"end":{"line":71,"column":37}},"37":{"start":{"line":77,"column":4},"end":{"line":93,"column":5}},"38":{"start":{"line":78,"column":6},"end":{"line":80,"column":7}},"39":{"start":{"line":79,"column":8},"end":{"line":79,"column":21}},"40":{"start":{"line":83,"column":26},"end":{"line":83,"column":44}},"41":{"start":{"line":84,"column":29},"end":{"line":86,"column":8}},"42":{"start":{"line":85,"column":8},"end":{"line":85,"column":72}},"43":{"start":{"line":85,"column":25},"end":{"line":85,"column":64}},"44":{"start":{"line":88,"column":21},"end":{"line":88,"column":70}},"45":{"start":{"line":89,"column":6},"end":{"line":89,"column":31}},"46":{"start":{"line":91,"column":6},"end":{"line":91,"column":50}},"47":{"start":{"line":92,"column":6},"end":{"line":92,"column":19}},"48":{"start":{"line":98,"column":4},"end":{"line":98,"column":49}},"49":{"start":{"line":103,"column":4},"end":{"line":103,"column":23}},"50":{"start":{"line":108,"column":24},"end":{"line":108,"column":25}},"51":{"start":{"line":110,"column":4},"end":{"line":129,"column":5}},"52":{"start":{"line":111,"column":6},"end":{"line":114,"column":7}},"53":{"start":{"line":112,"column":8},"end":{"line":112,"column":67}},"54":{"start":{"line":113,"column":8},"end":{"line":113,"column":29}},"55":{"start":{"line":115,"column":6},"end":{"line":115,"column":40}},"56":{"start":{"line":117,"column":6},"end":{"line":117,"column":66}},"57":{"start":{"line":120,"column":6},"end":{"line":126,"column":7}},"58":{"start":{"line":121,"column":24},"end":{"line":121,"column":69}},"59":{"start":{"line":122,"column":8},"end":{"line":122,"column":101}},"60":{"start":{"line":124,"column":8},"end":{"line":124,"column":67}},"61":{"start":{"line":124,"column":37},"end":{"line":124,"column":65}},"62":{"start":{"line":125,"column":8},"end":{"line":125,"column":45}},"63":{"start":{"line":128,"column":6},"end":{"line":128,"column":18}},"64":{"start":{"line":134,"column":4},"end":{"line":142,"column":5}},"65":{"start":{"line":135,"column":6},"end":{"line":138,"column":7}},"66":{"start":{"line":136,"column":8},"end":{"line":136,"column":67}},"67":{"start":{"line":137,"column":8},"end":{"line":137,"column":29}},"68":{"start":{"line":139,"column":6},"end":{"line":139,"column":56}},"69":{"start":{"line":141,"column":6},"end":{"line":141,"column":64}},"70":{"start":{"line":147,"column":4},"end":{"line":155,"column":5}},"71":{"start":{"line":148,"column":6},"end":{"line":151,"column":7}},"72":{"start":{"line":149,"column":8},"end":{"line":149,"column":67}},"73":{"start":{"line":150,"column":8},"end":{"line":150,"column":29}},"74":{"start":{"line":152,"column":6},"end":{"line":152,"column":33}},"75":{"start":{"line":154,"column":6},"end":{"line":154,"column":67}},"76":{"start":{"line":160,"column":4},"end":{"line":169,"column":5}},"77":{"start":{"line":161,"column":6},"end":{"line":164,"column":7}},"78":{"start":{"line":162,"column":8},"end":{"line":162,"column":67}},"79":{"start":{"line":163,"column":8},"end":{"line":163,"column":29}},"80":{"start":{"line":165,"column":6},"end":{"line":165,"column":49}},"81":{"start":{"line":167,"column":6},"end":{"line":167,"column":67}},"82":{"start":{"line":168,"column":6},"end":{"line":168,"column":15}},"83":{"start":{"line":174,"column":4},"end":{"line":183,"column":5}},"84":{"start":{"line":175,"column":6},"end":{"line":178,"column":7}},"85":{"start":{"line":176,"column":8},"end":{"line":176,"column":67}},"86":{"start":{"line":177,"column":8},"end":{"line":177,"column":29}},"87":{"start":{"line":179,"column":6},"end":{"line":179,"column":56}},"88":{"start":{"line":181,"column":6},"end":{"line":181,"column":76}},"89":{"start":{"line":182,"column":6},"end":{"line":182,"column":16}},"90":{"start":{"line":188,"column":4},"end":{"line":196,"column":5}},"91":{"start":{"line":189,"column":6},"end":{"line":192,"column":7}},"92":{"start":{"line":190,"column":8},"end":{"line":190,"column":67}},"93":{"start":{"line":191,"column":8},"end":{"line":191,"column":29}},"94":{"start":{"line":193,"column":6},"end":{"line":193,"column":48}},"95":{"start":{"line":195,"column":6},"end":{"line":195,"column":66}},"96":{"start":{"line":201,"column":4},"end":{"line":210,"column":5}},"97":{"start":{"line":202,"column":6},"end":{"line":205,"column":7}},"98":{"start":{"line":203,"column":8},"end":{"line":203,"column":67}},"99":{"start":{"line":204,"column":8},"end":{"line":204,"column":29}},"100":{"start":{"line":206,"column":6},"end":{"line":206,"column":55}},"101":{"start":{"line":208,"column":6},"end":{"line":208,"column":77}},"102":{"start":{"line":209,"column":6},"end":{"line":209,"column":15}},"103":{"start":{"line":215,"column":4},"end":{"line":223,"column":5}},"104":{"start":{"line":216,"column":6},"end":{"line":219,"column":7}},"105":{"start":{"line":217,"column":8},"end":{"line":217,"column":67}},"106":{"start":{"line":218,"column":8},"end":{"line":218,"column":29}},"107":{"start":{"line":220,"column":6},"end":{"line":220,"column":45}},"108":{"start":{"line":222,"column":6},"end":{"line":222,"column":75}},"109":{"start":{"line":228,"column":4},"end":{"line":233,"column":5}},"110":{"start":{"line":229,"column":6},"end":{"line":229,"column":31}},"111":{"start":{"line":230,"column":6},"end":{"line":230,"column":45}},"112":{"start":{"line":232,"column":6},"end":{"line":232,"column":61}},"113":{"start":{"line":238,"column":20},"end":{"line":238,"column":37}},"114":{"start":{"line":240,"column":0},"end":{"line":240,"column":27}}},"fnMap":{"0":{"name":"(anonymous_1)","decl":{"start":{"line":11,"column":2},"end":{"line":11,"column":null}},"loc":{"start":{"line":11,"column":2},"end":{"line":44,"column":3}}},"1":{"name":"(anonymous_2)","decl":{"start":{"line":21,"column":28},"end":{"line":21,"column":29}},"loc":{"start":{"line":21,"column":36},"end":{"line":24,"column":5}}},"2":{"name":"(anonymous_3)","decl":{"start":{"line":26,"column":30},"end":{"line":26,"column":33}},"loc":{"start":{"line":26,"column":35},"end":{"line":29,"column":5}}},"3":{"name":"(anonymous_4)","decl":{"start":{"line":31,"column":28},"end":{"line":31,"column":31}},"loc":{"start":{"line":31,"column":33},"end":{"line":34,"column":5}}},"4":{"name":"(anonymous_5)","decl":{"start":{"line":36,"column":35},"end":{"line":36,"column":38}},"loc":{"start":{"line":36,"column":40},"end":{"line":38,"column":5}}},"5":{"name":"(anonymous_6)","decl":{"start":{"line":40,"column":26},"end":{"line":40,"column":29}},"loc":{"start":{"line":40,"column":31},"end":{"line":43,"column":5}}},"6":{"name":"(anonymous_7)","decl":{"start":{"line":46,"column":2},"end":{"line":46,"column":7}},"loc":{"start":{"line":46,"column":18},"end":{"line":54,"column":3}}},"7":{"name":"(anonymous_8)","decl":{"start":{"line":56,"column":10},"end":{"line":56,"column":15}},"loc":{"start":{"line":56,"column":23},"end":{"line":73,"column":3}}},"8":{"name":"(anonymous_9)","decl":{"start":{"line":71,"column":17},"end":{"line":71,"column":20}},"loc":{"start":{"line":71,"column":23},"end":{"line":71,"column":37}}},"9":{"name":"(anonymous_10)","decl":{"start":{"line":76,"column":9},"end":{"line":76,"column":14}},"loc":{"start":{"line":76,"column":19},"end":{"line":94,"column":3}}},"10":{"name":"(anonymous_11)","decl":{"start":{"line":84,"column":49},"end":{"line":84,"column":50}},"loc":{"start":{"line":84,"column":63},"end":{"line":86,"column":7}}},"11":{"name":"(anonymous_12)","decl":{"start":{"line":85,"column":19},"end":{"line":85,"column":22}},"loc":{"start":{"line":85,"column":25},"end":{"line":85,"column":64}}},"12":{"name":"(anonymous_13)","decl":{"start":{"line":97,"column":9},"end":{"line":97,"column":14}},"loc":{"start":{"line":97,"column":24},"end":{"line":99,"column":3}}},"13":{"name":"(anonymous_14)","decl":{"start":{"line":102,"column":9},"end":{"line":102,"column":18}},"loc":{"start":{"line":102,"column":18},"end":{"line":104,"column":3}}},"14":{"name":"(anonymous_15)","decl":{"start":{"line":107,"column":9},"end":{"line":107,"column":14}},"loc":{"start":{"line":107,"column":46},"end":{"line":130,"column":3}}},"15":{"name":"(anonymous_16)","decl":{"start":{"line":124,"column":26},"end":{"line":124,"column":33}},"loc":{"start":{"line":124,"column":37},"end":{"line":124,"column":65}}},"16":{"name":"(anonymous_17)","decl":{"start":{"line":133,"column":9},"end":{"line":133,"column":14}},"loc":{"start":{"line":133,"column":80},"end":{"line":143,"column":3}}},"17":{"name":"(anonymous_18)","decl":{"start":{"line":146,"column":9},"end":{"line":146,"column":14}},"loc":{"start":{"line":146,"column":30},"end":{"line":156,"column":3}}},"18":{"name":"(anonymous_19)","decl":{"start":{"line":159,"column":9},"end":{"line":159,"column":14}},"loc":{"start":{"line":159,"column":47},"end":{"line":170,"column":3}}},"19":{"name":"(anonymous_20)","decl":{"start":{"line":173,"column":9},"end":{"line":173,"column":14}},"loc":{"start":{"line":173,"column":62},"end":{"line":184,"column":3}}},"20":{"name":"(anonymous_21)","decl":{"start":{"line":187,"column":9},"end":{"line":187,"column":14}},"loc":{"start":{"line":187,"column":61},"end":{"line":197,"column":3}}},"21":{"name":"(anonymous_22)","decl":{"start":{"line":200,"column":9},"end":{"line":200,"column":14}},"loc":{"start":{"line":200,"column":61},"end":{"line":211,"column":3}}},"22":{"name":"(anonymous_23)","decl":{"start":{"line":214,"column":9},"end":{"line":214,"column":14}},"loc":{"start":{"line":214,"column":50},"end":{"line":224,"column":3}}},"23":{"name":"(anonymous_24)","decl":{"start":{"line":227,"column":9},"end":{"line":227,"column":14}},"loc":{"start":{"line":227,"column":20},"end":{"line":234,"column":3}}}},"branchMap":{"0":{"loc":{"start":{"line":58,"column":6},"end":{"line":60,"column":7}},"type":"if","locations":[{"start":{"line":58,"column":6},"end":{"line":60,"column":7}}]},"1":{"loc":{"start":{"line":78,"column":6},"end":{"line":80,"column":7}},"type":"if","locations":[{"start":{"line":78,"column":6},"end":{"line":80,"column":7}}]},"2":{"loc":{"start":{"line":98,"column":11},"end":{"line":98,"column":48}},"type":"binary-expr","locations":[{"start":{"line":98,"column":11},"end":{"line":98,"column":27}},{"start":{"line":98,"column":31},"end":{"line":98,"column":48}}]},"3":{"loc":{"start":{"line":107,"column":32},"end":{"line":107,"column":46}},"type":"default-arg","locations":[{"start":{"line":107,"column":45},"end":{"line":107,"column":46}}]},"4":{"loc":{"start":{"line":111,"column":6},"end":{"line":114,"column":7}},"type":"if","locations":[{"start":{"line":111,"column":6},"end":{"line":114,"column":7}}]},"5":{"loc":{"start":{"line":120,"column":6},"end":{"line":126,"column":7}},"type":"if","locations":[{"start":{"line":120,"column":6},"end":{"line":126,"column":7}}]},"6":{"loc":{"start":{"line":133,"column":47},"end":{"line":133,"column":80}},"type":"default-arg","locations":[{"start":{"line":133,"column":64},"end":{"line":133,"column":80}}]},"7":{"loc":{"start":{"line":135,"column":6},"end":{"line":138,"column":7}},"type":"if","locations":[{"start":{"line":135,"column":6},"end":{"line":138,"column":7}}]},"8":{"loc":{"start":{"line":148,"column":6},"end":{"line":151,"column":7}},"type":"if","locations":[{"start":{"line":148,"column":6},"end":{"line":151,"column":7}}]},"9":{"loc":{"start":{"line":161,"column":6},"end":{"line":164,"column":7}},"type":"if","locations":[{"start":{"line":161,"column":6},"end":{"line":164,"column":7}}]},"10":{"loc":{"start":{"line":175,"column":6},"end":{"line":178,"column":7}},"type":"if","locations":[{"start":{"line":175,"column":6},"end":{"line":178,"column":7}}]},"11":{"loc":{"start":{"line":189,"column":6},"end":{"line":192,"column":7}},"type":"if","locations":[{"start":{"line":189,"column":6},"end":{"line":192,"column":7}}]},"12":{"loc":{"start":{"line":202,"column":6},"end":{"line":205,"column":7}},"type":"if","locations":[{"start":{"line":202,"column":6},"end":{"line":205,"column":7}}]},"13":{"loc":{"start":{"line":216,"column":6},"end":{"line":219,"column":7}},"type":"if","locations":[{"start":{"line":216,"column":6},"end":{"line":219,"column":7}}]}},"s":{"0":1,"1":1,"2":1,"3":1,"4":1,"5":1,"6":1,"7":1,"8":0,"9":0,"10":1,"11":1,"12":1,"13":1,"14":1,"15":1,"16":1,"17":0,"18":1,"19":1,"20":1,"21":1,"22":1,"23":1,"24":0,"25":0,"26":0,"27":0,"28":0,"29":0,"30":0,"31":0,"32":0,"33":0,"34":0,"35":0,"36":0,"37":0,"38":0,"39":0,"40":0,"41":0,"42":0,"43":0,"44":0,"45":0,"46":0,"47":0,"48":0,"49":0,"50":0,"51":0,"52":0,"53":0,"54":0,"55":0,"56":0,"57":0,"58":0,"59":0,"60":0,"61":0,"62":0,"63":0,"64":0,"65":0,"66":0,"67":0,"68":0,"69":0,"70":0,"71":0,"72":0,"73":0,"74":0,"75":0,"76":0,"77":0,"78":0,"79":0,"80":0,"81":0,"82":0,"83":0,"84":0,"85":0,"86":0,"87":0,"88":0,"89":0,"90":0,"91":0,"92":0,"93":0,"94":0,"95":0,"96":0,"97":0,"98":0,"99":0,"100":0,"101":0,"102":0,"103":0,"104":0,"105":0,"106":0,"107":0,"108":0,"109":2,"110":2,"111":1,"112":1,"113":1,"114":1},"f":{"0":1,"1":0,"2":1,"3":1,"4":0,"5":1,"6":1,"7":0,"8":0,"9":0,"10":0,"11":0,"12":0,"13":0,"14":0,"15":0,"16":0,"17":0,"18":0,"19":0,"20":0,"21":0,"22":0,"23":2},"b":{"0":[0],"1":[0],"2":[0,0],"3":[0],"4":[0],"5":[0],"6":[0],"7":[0],"8":[0],"9":[0],"10":[0],"11":[0],"12":[0],"13":[0]}}
,"C:\\Users\\Victor Rodrigues\\OneDrive\\Documentos\\Programming\\chatbot-republic\\whatsapp-ai-chatbot\\src\\utils\\servicesInitialization.ts": {"path":"C:\\Users\\Victor Rodrigues\\OneDrive\\Documentos\\Programming\\chatbot-republic\\whatsapp-ai-chatbot\\src\\utils\\servicesInitialization.ts","statementMap":{"0":{"start":{"line":1,"column":0},"end":{"line":1,"column":30}},"1":{"start":{"line":2,"column":0},"end":{"line":2,"column":40}},"2":{"start":{"line":3,"column":0},"end":{"line":3,"column":46}},"3":{"start":{"line":4,"column":0},"end":{"line":4,"column":60}},"4":{"start":{"line":8,"column":4},"end":{"line":31,"column":5}},"5":{"start":{"line":9,"column":6},"end":{"line":9,"column":53}},"6":{"start":{"line":11,"column":25},"end":{"line":11,"column":30}},"7":{"start":{"line":12,"column":21},"end":{"line":12,"column":22}},"8":{"start":{"line":13,"column":26},"end":{"line":13,"column":27}},"9":{"start":{"line":15,"column":6},"end":{"line":21,"column":7}},"10":{"start":{"line":16,"column":8},"end":{"line":16,"column":53}},"11":{"start":{"line":17,"column":8},"end":{"line":20,"column":9}},"12":{"start":{"line":18,"column":10},"end":{"line":18,"column":77}},"13":{"start":{"line":18,"column":39},"end":{"line":18,"column":75}},"14":{"start":{"line":19,"column":10},"end":{"line":19,"column":21}},"15":{"start":{"line":23,"column":6},"end":{"line":27,"column":7}},"16":{"start":{"line":24,"column":8},"end":{"line":24,"column":126}},"17":{"start":{"line":26,"column":8},"end":{"line":26,"column":53}},"18":{"start":{"line":29,"column":6},"end":{"line":29,"column":65}},"19":{"start":{"line":30,"column":6},"end":{"line":30,"column":79}},"20":{"start":{"line":35,"column":4},"end":{"line":53,"column":5}},"21":{"start":{"line":36,"column":6},"end":{"line":36,"column":63}},"22":{"start":{"line":38,"column":24},"end":{"line":38,"column":57}},"23":{"start":{"line":40,"column":6},"end":{"line":46,"column":7}},"24":{"start":{"line":41,"column":8},"end":{"line":41,"column":86}},"25":{"start":{"line":42,"column":8},"end":{"line":42,"column":115}},"26":{"start":{"line":43,"column":8},"end":{"line":43,"column":24}},"27":{"start":{"line":45,"column":8},"end":{"line":45,"column":63}},"28":{"start":{"line":48,"column":27},"end":{"line":48,"column":83}},"29":{"start":{"line":49,"column":24},"end":{"line":49,"column":76}},"30":{"start":{"line":50,"column":6},"end":{"line":50,"column":99}},"31":{"start":{"line":51,"column":6},"end":{"line":51,"column":93}},"32":{"start":{"line":52,"column":6},"end":{"line":52,"column":22}},"33":{"start":{"line":57,"column":20},"end":{"line":57,"column":25}},"34":{"start":{"line":58,"column":19},"end":{"line":58,"column":20}},"35":{"start":{"line":59,"column":24},"end":{"line":59,"column":25}},"36":{"start":{"line":61,"column":4},"end":{"line":85,"column":5}},"37":{"start":{"line":62,"column":6},"end":{"line":84,"column":7}},"38":{"start":{"line":63,"column":8},"end":{"line":63,"column":50}},"39":{"start":{"line":65,"column":8},"end":{"line":73,"column":9}},"40":{"start":{"line":66,"column":10},"end":{"line":66,"column":103}},"41":{"start":{"line":67,"column":10},"end":{"line":71,"column":11}},"42":{"start":{"line":68,"column":29},"end":{"line":68,"column":45}},"43":{"start":{"line":69,"column":12},"end":{"line":69,"column":81}},"44":{"start":{"line":70,"column":12},"end":{"line":70,"column":72}},"45":{"start":{"line":70,"column":41},"end":{"line":70,"column":70}},"46":{"start":{"line":72,"column":10},"end":{"line":72,"column":21}},"47":{"start":{"line":75,"column":29},"end":{"line":75,"column":85}},"48":{"start":{"line":76,"column":8},"end":{"line":76,"column":125}},"49":{"start":{"line":78,"column":8},"end":{"line":82,"column":9}},"50":{"start":{"line":79,"column":27},"end":{"line":79,"column":43}},"51":{"start":{"line":80,"column":10},"end":{"line":80,"column":83}},"52":{"start":{"line":81,"column":10},"end":{"line":81,"column":70}},"53":{"start":{"line":81,"column":39},"end":{"line":81,"column":68}},"54":{"start":{"line":83,"column":8},"end":{"line":83,"column":19}},"55":{"start":{"line":86,"column":4},"end":{"line":86,"column":21}},"56":{"start":{"line":90,"column":4},"end":{"line":99,"column":5}},"57":{"start":{"line":91,"column":6},"end":{"line":91,"column":56}},"58":{"start":{"line":92,"column":6},"end":{"line":92,"column":42}},"59":{"start":{"line":93,"column":6},"end":{"line":93,"column":66}},"60":{"start":{"line":95,"column":27},"end":{"line":95,"column":83}},"61":{"start":{"line":96,"column":24},"end":{"line":96,"column":76}},"62":{"start":{"line":97,"column":6},"end":{"line":97,"column":93}},"63":{"start":{"line":98,"column":6},"end":{"line":98,"column":104}},"64":{"start":{"line":103,"column":0},"end":{"line":103,"column":44}}},"fnMap":{"0":{"name":"(anonymous_1)","decl":{"start":{"line":7,"column":9},"end":{"line":7,"column":14}},"loc":{"start":{"line":7,"column":30},"end":{"line":32,"column":3}}},"1":{"name":"(anonymous_2)","decl":{"start":{"line":18,"column":28},"end":{"line":18,"column":35}},"loc":{"start":{"line":18,"column":39},"end":{"line":18,"column":75}}},"2":{"name":"(anonymous_3)","decl":{"start":{"line":34,"column":9},"end":{"line":34,"column":14}},"loc":{"start":{"line":34,"column":34},"end":{"line":54,"column":3}}},"3":{"name":"(anonymous_4)","decl":{"start":{"line":56,"column":9},"end":{"line":56,"column":14}},"loc":{"start":{"line":56,"column":35},"end":{"line":87,"column":3}}},"4":{"name":"(anonymous_5)","decl":{"start":{"line":70,"column":30},"end":{"line":70,"column":37}},"loc":{"start":{"line":70,"column":41},"end":{"line":70,"column":70}}},"5":{"name":"(anonymous_6)","decl":{"start":{"line":81,"column":28},"end":{"line":81,"column":35}},"loc":{"start":{"line":81,"column":39},"end":{"line":81,"column":68}}},"6":{"name":"(anonymous_7)","decl":{"start":{"line":89,"column":9},"end":{"line":89,"column":14}},"loc":{"start":{"line":89,"column":41},"end":{"line":100,"column":3}}}},"branchMap":{"0":{"loc":{"start":{"line":15,"column":13},"end":{"line":15,"column":52}},"type":"binary-expr","locations":[{"start":{"line":15,"column":13},"end":{"line":15,"column":26}},{"start":{"line":15,"column":30},"end":{"line":15,"column":52}}]},"1":{"loc":{"start":{"line":17,"column":8},"end":{"line":20,"column":9}},"type":"if","locations":[{"start":{"line":17,"column":8},"end":{"line":20,"column":9}}]},"2":{"loc":{"start":{"line":23,"column":6},"end":{"line":27,"column":7}},"type":"if","locations":[{"start":{"line":23,"column":6},"end":{"line":27,"column":7}},{"start":{"line":25,"column":13},"end":{"line":27,"column":7}}]},"3":{"loc":{"start":{"line":40,"column":6},"end":{"line":46,"column":7}},"type":"if","locations":[{"start":{"line":40,"column":6},"end":{"line":46,"column":7}},{"start":{"line":44,"column":13},"end":{"line":46,"column":7}}]},"4":{"loc":{"start":{"line":48,"column":27},"end":{"line":48,"column":83}},"type":"cond-expr","locations":[{"start":{"line":48,"column":52},"end":{"line":48,"column":65}},{"start":{"line":48,"column":68},"end":{"line":48,"column":83}}]},"5":{"loc":{"start":{"line":49,"column":24},"end":{"line":49,"column":76}},"type":"cond-expr","locations":[{"start":{"line":49,"column":49},"end":{"line":49,"column":59}},{"start":{"line":49,"column":62},"end":{"line":49,"column":76}}]},"6":{"loc":{"start":{"line":61,"column":11},"end":{"line":61,"column":48}},"type":"binary-expr","locations":[{"start":{"line":61,"column":11},"end":{"line":61,"column":21}},{"start":{"line":61,"column":25},"end":{"line":61,"column":48}}]},"7":{"loc":{"start":{"line":65,"column":8},"end":{"line":73,"column":9}},"type":"if","locations":[{"start":{"line":65,"column":8},"end":{"line":73,"column":9}}]},"8":{"loc":{"start":{"line":67,"column":10},"end":{"line":71,"column":11}},"type":"if","locations":[{"start":{"line":67,"column":10},"end":{"line":71,"column":11}}]},"9":{"loc":{"start":{"line":75,"column":29},"end":{"line":75,"column":85}},"type":"cond-expr","locations":[{"start":{"line":75,"column":54},"end":{"line":75,"column":67}},{"start":{"line":75,"column":70},"end":{"line":75,"column":85}}]},"10":{"loc":{"start":{"line":78,"column":8},"end":{"line":82,"column":9}},"type":"if","locations":[{"start":{"line":78,"column":8},"end":{"line":82,"column":9}}]},"11":{"loc":{"start":{"line":95,"column":27},"end":{"line":95,"column":83}},"type":"cond-expr","locations":[{"start":{"line":95,"column":52},"end":{"line":95,"column":65}},{"start":{"line":95,"column":68},"end":{"line":95,"column":83}}]},"12":{"loc":{"start":{"line":96,"column":24},"end":{"line":96,"column":76}},"type":"cond-expr","locations":[{"start":{"line":96,"column":49},"end":{"line":96,"column":59}},{"start":{"line":96,"column":62},"end":{"line":96,"column":76}}]}},"s":{"0":1,"1":1,"2":1,"3":1,"4":0,"5":0,"6":0,"7":0,"8":0,"9":0,"10":0,"11":0,"12":0,"13":0,"14":0,"15":0,"16":0,"17":0,"18":0,"19":0,"20":0,"21":0,"22":0,"23":0,"24":0,"25":0,"26":0,"27":0,"28":0,"29":0,"30":0,"31":0,"32":0,"33":0,"34":0,"35":0,"36":0,"37":0,"38":0,"39":0,"40":0,"41":0,"42":0,"43":0,"44":0,"45":0,"46":0,"47":0,"48":0,"49":0,"50":0,"51":0,"52":0,"53":0,"54":0,"55":0,"56":0,"57":0,"58":0,"59":0,"60":0,"61":0,"62":0,"63":0,"64":1},"f":{"0":0,"1":0,"2":0,"3":0,"4":0,"5":0,"6":0},"b":{"0":[0,0],"1":[0],"2":[0,0],"3":[0,0],"4":[0,0],"5":[0,0],"6":[0,0],"7":[0],"8":[0],"9":[0,0],"10":[0],"11":[0,0],"12":[0,0]}}
}
